<?xml version="1.0" encoding="UTF-8" ?>
<testsuite errors="10" failures="0" hostname="DESKTOP-RO89UOI" name="simpledb.systemtest.LogTest" skipped="0" tests="10" time="0.117" timestamp="2022-06-22T07:37:46">
  <properties>
[...]
</properties>
  <testcase classname="simpledb.systemtest.LogTest" name="TestCommitAbortCommitCrash" time="0.042">
    <error message="implement this" type="java.lang.UnsupportedOperationException">java.lang.UnsupportedOperationException: implement this
	at simpledb.storage.HeapFile.getId(HeapFile.java:57)
	at simpledb.common.Utility.createEmptyHeapFile(Utility.java:114)
	at simpledb.systemtest.LogTest.setup(LogTest.java:133)
	at simpledb.systemtest.LogTest.TestCommitAbortCommitCrash(LogTest.java:285)
	at java.base/jdk.internal.reflect.NativeMethodAccessorImpl.invoke0(Native Method)
	at java.base/jdk.internal.reflect.NativeMethodAccessorImpl.invoke(NativeMethodAccessorImpl.java:76)
	at java.base/jdk.internal.reflect.DelegatingMethodAccessorImpl.invoke(DelegatingMethodAccessorImpl.java:51)
</error>
  </testcase>
  <testcase classname="simpledb.systemtest.LogTest" name="TestOpenCrash" time="0.002">
    <error message="implement this" type="java.lang.UnsupportedOperationException">java.lang.UnsupportedOperationException: implement this
	at simpledb.storage.HeapFile.getId(HeapFile.java:57)
	at simpledb.common.Utility.createEmptyHeapFile(Utility.java:114)
	at simpledb.systemtest.LogTest.setup(LogTest.java:133)
	at simpledb.systemtest.LogTest.TestOpenCrash(LogTest.java:325)
	at java.base/jdk.internal.reflect.NativeMethodAccessorImpl.invoke0(Native Method)
	at java.base/jdk.internal.reflect.NativeMethodAccessorImpl.invoke(NativeMethodAccessorImpl.java:76)
	at java.base/jdk.internal.reflect.DelegatingMethodAccessorImpl.invoke(DelegatingMethodAccessorImpl.java:51)
</error>
  </testcase>
  <testcase classname="simpledb.systemtest.LogTest" name="TestFlushAll" time="0.001">
    <error message="implement this" type="java.lang.UnsupportedOperationException">java.lang.UnsupportedOperationException: implement this
	at simpledb.storage.HeapFile.getId(HeapFile.java:57)
	at simpledb.common.Utility.createEmptyHeapFile(Utility.java:114)
	at simpledb.systemtest.LogTest.setup(LogTest.java:133)
	at simpledb.systemtest.LogTest.TestFlushAll(LogTest.java:165)
	at java.base/jdk.internal.reflect.NativeMethodAccessorImpl.invoke0(Native Method)
	at java.base/jdk.internal.reflect.NativeMethodAccessorImpl.invoke(NativeMethodAccessorImpl.java:76)
	at java.base/jdk.internal.reflect.DelegatingMethodAccessorImpl.invoke(DelegatingMethodAccessorImpl.java:51)
</error>
  </testcase>
  <testcase classname="simpledb.systemtest.LogTest" name="TestCommitCrash" time="0.002">
    <error message="implement this" type="java.lang.UnsupportedOperationException">java.lang.UnsupportedOperationException: implement this
	at simpledb.storage.HeapFile.getId(HeapFile.java:57)
	at simpledb.common.Utility.createEmptyHeapFile(Utility.java:114)
	at simpledb.systemtest.LogTest.setup(LogTest.java:133)
	at simpledb.systemtest.LogTest.TestCommitCrash(LogTest.java:184)
	at java.base/jdk.internal.reflect.NativeMethodAccessorImpl.invoke0(Native Method)
	at java.base/jdk.internal.reflect.NativeMethodAccessorImpl.invoke(NativeMethodAccessorImpl.java:76)
	at java.base/jdk.internal.reflect.DelegatingMethodAccessorImpl.invoke(DelegatingMethodAccessorImpl.java:51)
</error>
  </testcase>
  <testcase classname="simpledb.systemtest.LogTest" name="TestOpenCommitOpenCrash" time="0.001">
    <error message="implement this" type="java.lang.UnsupportedOperationException">java.lang.UnsupportedOperationException: implement this
	at simpledb.storage.HeapFile.getId(HeapFile.java:57)
	at simpledb.common.Utility.createEmptyHeapFile(Utility.java:114)
	at simpledb.systemtest.LogTest.setup(LogTest.java:133)
	at simpledb.systemtest.LogTest.TestOpenCommitOpenCrash(LogTest.java:351)
	at java.base/jdk.internal.reflect.NativeMethodAccessorImpl.invoke0(Native Method)
	at java.base/jdk.internal.reflect.NativeMethodAccessorImpl.invoke(NativeMethodAccessorImpl.java:76)
	at java.base/jdk.internal.reflect.DelegatingMethodAccessorImpl.invoke(DelegatingMethodAccessorImpl.java:51)
</error>
  </testcase>
  <testcase classname="simpledb.systemtest.LogTest" name="TestAbort" time="0.001">
    <error message="implement this" type="java.lang.UnsupportedOperationException">java.lang.UnsupportedOperationException: implement this
	at simpledb.storage.HeapFile.getId(HeapFile.java:57)
	at simpledb.common.Utility.createEmptyHeapFile(Utility.java:114)
	at simpledb.systemtest.LogTest.setup(LogTest.java:133)
	at simpledb.systemtest.LogTest.TestAbort(LogTest.java:203)
	at java.base/jdk.internal.reflect.NativeMethodAccessorImpl.invoke0(Native Method)
	at java.base/jdk.internal.reflect.NativeMethodAccessorImpl.invoke(NativeMethodAccessorImpl.java:76)
	at java.base/jdk.internal.reflect.DelegatingMethodAccessorImpl.invoke(DelegatingMethodAccessorImpl.java:51)
</error>
  </testcase>
  <testcase classname="simpledb.systemtest.LogTest" name="TestAbortCommitInterleaved" time="0.002">
    <error message="implement this" type="java.lang.UnsupportedOperationException">java.lang.UnsupportedOperationException: implement this
	at simpledb.storage.HeapFile.getId(HeapFile.java:57)
	at simpledb.common.Utility.createEmptyHeapFile(Utility.java:114)
	at simpledb.systemtest.LogTest.setup(LogTest.java:133)
	at simpledb.systemtest.LogTest.TestAbortCommitInterleaved(LogTest.java:223)
	at java.base/jdk.internal.reflect.NativeMethodAccessorImpl.invoke0(Native Method)
	at java.base/jdk.internal.reflect.NativeMethodAccessorImpl.invoke(NativeMethodAccessorImpl.java:76)
	at java.base/jdk.internal.reflect.DelegatingMethodAccessorImpl.invoke(DelegatingMethodAccessorImpl.java:51)
</error>
  </testcase>
  <testcase classname="simpledb.systemtest.LogTest" name="TestOpenCommitCheckpointOpenCrash" time="0.001">
    <error message="implement this" type="java.lang.UnsupportedOperationException">java.lang.UnsupportedOperationException: implement this
	at simpledb.storage.HeapFile.getId(HeapFile.java:57)
	at simpledb.common.Utility.createEmptyHeapFile(Utility.java:114)
	at simpledb.systemtest.LogTest.setup(LogTest.java:133)
	at simpledb.systemtest.LogTest.TestOpenCommitCheckpointOpenCrash(LogTest.java:392)
	at java.base/jdk.internal.reflect.NativeMethodAccessorImpl.invoke0(Native Method)
	at java.base/jdk.internal.reflect.NativeMethodAccessorImpl.invoke(NativeMethodAccessorImpl.java:76)
	at java.base/jdk.internal.reflect.DelegatingMethodAccessorImpl.invoke(DelegatingMethodAccessorImpl.java:51)
</error>
  </testcase>
  <testcase classname="simpledb.systemtest.LogTest" name="TestAbortCrash" time="0.001">
    <error message="implement this" type="java.lang.UnsupportedOperationException">java.lang.UnsupportedOperationException: implement this
	at simpledb.storage.HeapFile.getId(HeapFile.java:57)
	at simpledb.common.Utility.createEmptyHeapFile(Utility.java:114)
	at simpledb.systemtest.LogTest.setup(LogTest.java:133)
	at simpledb.systemtest.LogTest.TestAbortCrash(LogTest.java:256)
	at java.base/jdk.internal.reflect.NativeMethodAccessorImpl.invoke0(Native Method)
	at java.base/jdk.internal.reflect.NativeMethodAccessorImpl.invoke(NativeMethodAccessorImpl.java:76)
	at java.base/jdk.internal.reflect.DelegatingMethodAccessorImpl.invoke(DelegatingMethodAccessorImpl.java:51)
</error>
  </testcase>
  <testcase classname="simpledb.systemtest.LogTest" name="PatchTest" time="0.001">
    <error message="implement this" type="java.lang.UnsupportedOperationException">java.lang.UnsupportedOperationException: implement this
	at simpledb.storage.HeapFile.getId(HeapFile.java:57)
	at simpledb.common.Utility.createEmptyHeapFile(Utility.java:114)
	at simpledb.systemtest.LogTest.setup(LogTest.java:133)
	at simpledb.systemtest.LogTest.PatchTest(LogTest.java:139)
	at java.base/jdk.internal.reflect.NativeMethodAccessorImpl.invoke0(Native Method)
	at java.base/jdk.internal.reflect.NativeMethodAccessorImpl.invoke(NativeMethodAccessorImpl.java:76)
	at java.base/jdk.internal.reflect.DelegatingMethodAccessorImpl.invoke(DelegatingMethodAccessorImpl.java:51)
</error>
  </testcase>
  <system-out><![CDATA[]]></system-out>
  <system-err><![CDATA[]]></system-err>
</testsuite>
