<?xml version="1.0" encoding="UTF-8" ?>
<testsuites>
  <testsuite errors="8" failures="0" hostname="DESKTOP-RO89UOI" id="0" name="AggregateTest" package="simpledb" skipped="0" tests="8" time="0.066" timestamp="2022-06-22T07:37:29">
      <properties>
[...]
</properties>

      <testcase classname="simpledb.AggregateTest" name="getTupleDesc" time="0.009">
          <error message="Cannot invoke &quot;simpledb.storage.TupleDesc.equals(Object)&quot; because the return value of &quot;simpledb.storage.Tuple.getTupleDesc()&quot; is null" type="java.lang.NullPointerException">java.lang.NullPointerException: Cannot invoke &quot;simpledb.storage.TupleDesc.equals(Object)&quot; because the return value of &quot;simpledb.storage.Tuple.getTupleDesc()&quot; is null
	at simpledb.storage.TupleIterator.&lt;init&gt;(TupleIterator.java:32)
	at simpledb.TestUtil.createTupleList(TestUtil.java:40)
	at simpledb.AggregateTest.createTupleLists(AggregateTest.java:38)
	at java.base/jdk.internal.reflect.NativeMethodAccessorImpl.invoke0(Native Method)
	at java.base/jdk.internal.reflect.NativeMethodAccessorImpl.invoke(NativeMethodAccessorImpl.java:76)
	at java.base/jdk.internal.reflect.DelegatingMethodAccessorImpl.invoke(DelegatingMethodAccessorImpl.java:51)
</error>

      </testcase>

      <testcase classname="simpledb.AggregateTest" name="maxAggregate" time="0.001">
          <error message="Cannot invoke &quot;simpledb.storage.TupleDesc.equals(Object)&quot; because the return value of &quot;simpledb.storage.Tuple.getTupleDesc()&quot; is null" type="java.lang.NullPointerException">java.lang.NullPointerException: Cannot invoke &quot;simpledb.storage.TupleDesc.equals(Object)&quot; because the return value of &quot;simpledb.storage.Tuple.getTupleDesc()&quot; is null
	at simpledb.storage.TupleIterator.&lt;init&gt;(TupleIterator.java:32)
	at simpledb.TestUtil.createTupleList(TestUtil.java:40)
	at simpledb.AggregateTest.createTupleLists(AggregateTest.java:38)
	at java.base/jdk.internal.reflect.NativeMethodAccessorImpl.invoke0(Native Method)
	at java.base/jdk.internal.reflect.NativeMethodAccessorImpl.invoke(NativeMethodAccessorImpl.java:76)
	at java.base/jdk.internal.reflect.DelegatingMethodAccessorImpl.invoke(DelegatingMethodAccessorImpl.java:51)
</error>

      </testcase>

      <testcase classname="simpledb.AggregateTest" name="rewind" time="0.001">
          <error message="Cannot invoke &quot;simpledb.storage.TupleDesc.equals(Object)&quot; because the return value of &quot;simpledb.storage.Tuple.getTupleDesc()&quot; is null" type="java.lang.NullPointerException">java.lang.NullPointerException: Cannot invoke &quot;simpledb.storage.TupleDesc.equals(Object)&quot; because the return value of &quot;simpledb.storage.Tuple.getTupleDesc()&quot; is null
	at simpledb.storage.TupleIterator.&lt;init&gt;(TupleIterator.java:32)
	at simpledb.TestUtil.createTupleList(TestUtil.java:40)
	at simpledb.AggregateTest.createTupleLists(AggregateTest.java:38)
	at java.base/jdk.internal.reflect.NativeMethodAccessorImpl.invoke0(Native Method)
	at java.base/jdk.internal.reflect.NativeMethodAccessorImpl.invoke(NativeMethodAccessorImpl.java:76)
	at java.base/jdk.internal.reflect.DelegatingMethodAccessorImpl.invoke(DelegatingMethodAccessorImpl.java:51)
</error>

      </testcase>

      <testcase classname="simpledb.AggregateTest" name="minAggregate" time="0.001">
          <error message="Cannot invoke &quot;simpledb.storage.TupleDesc.equals(Object)&quot; because the return value of &quot;simpledb.storage.Tuple.getTupleDesc()&quot; is null" type="java.lang.NullPointerException">java.lang.NullPointerException: Cannot invoke &quot;simpledb.storage.TupleDesc.equals(Object)&quot; because the return value of &quot;simpledb.storage.Tuple.getTupleDesc()&quot; is null
	at simpledb.storage.TupleIterator.&lt;init&gt;(TupleIterator.java:32)
	at simpledb.TestUtil.createTupleList(TestUtil.java:40)
	at simpledb.AggregateTest.createTupleLists(AggregateTest.java:38)
	at java.base/jdk.internal.reflect.NativeMethodAccessorImpl.invoke0(Native Method)
	at java.base/jdk.internal.reflect.NativeMethodAccessorImpl.invoke(NativeMethodAccessorImpl.java:76)
	at java.base/jdk.internal.reflect.DelegatingMethodAccessorImpl.invoke(DelegatingMethodAccessorImpl.java:51)
</error>

      </testcase>

      <testcase classname="simpledb.AggregateTest" name="sumStringGroupBy" time="0.001">
          <error message="Cannot invoke &quot;simpledb.storage.TupleDesc.equals(Object)&quot; because the return value of &quot;simpledb.storage.Tuple.getTupleDesc()&quot; is null" type="java.lang.NullPointerException">java.lang.NullPointerException: Cannot invoke &quot;simpledb.storage.TupleDesc.equals(Object)&quot; because the return value of &quot;simpledb.storage.Tuple.getTupleDesc()&quot; is null
	at simpledb.storage.TupleIterator.&lt;init&gt;(TupleIterator.java:32)
	at simpledb.TestUtil.createTupleList(TestUtil.java:40)
	at simpledb.AggregateTest.createTupleLists(AggregateTest.java:38)
	at java.base/jdk.internal.reflect.NativeMethodAccessorImpl.invoke0(Native Method)
	at java.base/jdk.internal.reflect.NativeMethodAccessorImpl.invoke(NativeMethodAccessorImpl.java:76)
	at java.base/jdk.internal.reflect.DelegatingMethodAccessorImpl.invoke(DelegatingMethodAccessorImpl.java:51)
</error>

      </testcase>

      <testcase classname="simpledb.AggregateTest" name="sumAggregate" time="0.001">
          <error message="Cannot invoke &quot;simpledb.storage.TupleDesc.equals(Object)&quot; because the return value of &quot;simpledb.storage.Tuple.getTupleDesc()&quot; is null" type="java.lang.NullPointerException">java.lang.NullPointerException: Cannot invoke &quot;simpledb.storage.TupleDesc.equals(Object)&quot; because the return value of &quot;simpledb.storage.Tuple.getTupleDesc()&quot; is null
	at simpledb.storage.TupleIterator.&lt;init&gt;(TupleIterator.java:32)
	at simpledb.TestUtil.createTupleList(TestUtil.java:40)
	at simpledb.AggregateTest.createTupleLists(AggregateTest.java:38)
	at java.base/jdk.internal.reflect.NativeMethodAccessorImpl.invoke0(Native Method)
	at java.base/jdk.internal.reflect.NativeMethodAccessorImpl.invoke(NativeMethodAccessorImpl.java:76)
	at java.base/jdk.internal.reflect.DelegatingMethodAccessorImpl.invoke(DelegatingMethodAccessorImpl.java:51)
</error>

      </testcase>

      <testcase classname="simpledb.AggregateTest" name="countStringAggregate" time="0.001">
          <error message="Cannot invoke &quot;simpledb.storage.TupleDesc.equals(Object)&quot; because the return value of &quot;simpledb.storage.Tuple.getTupleDesc()&quot; is null" type="java.lang.NullPointerException">java.lang.NullPointerException: Cannot invoke &quot;simpledb.storage.TupleDesc.equals(Object)&quot; because the return value of &quot;simpledb.storage.Tuple.getTupleDesc()&quot; is null
	at simpledb.storage.TupleIterator.&lt;init&gt;(TupleIterator.java:32)
	at simpledb.TestUtil.createTupleList(TestUtil.java:40)
	at simpledb.AggregateTest.createTupleLists(AggregateTest.java:38)
	at java.base/jdk.internal.reflect.NativeMethodAccessorImpl.invoke0(Native Method)
	at java.base/jdk.internal.reflect.NativeMethodAccessorImpl.invoke(NativeMethodAccessorImpl.java:76)
	at java.base/jdk.internal.reflect.DelegatingMethodAccessorImpl.invoke(DelegatingMethodAccessorImpl.java:51)
</error>

      </testcase>

      <testcase classname="simpledb.AggregateTest" name="avgAggregate" time="0.001">
          <error message="Cannot invoke &quot;simpledb.storage.TupleDesc.equals(Object)&quot; because the return value of &quot;simpledb.storage.Tuple.getTupleDesc()&quot; is null" type="java.lang.NullPointerException">java.lang.NullPointerException: Cannot invoke &quot;simpledb.storage.TupleDesc.equals(Object)&quot; because the return value of &quot;simpledb.storage.Tuple.getTupleDesc()&quot; is null
	at simpledb.storage.TupleIterator.&lt;init&gt;(TupleIterator.java:32)
	at simpledb.TestUtil.createTupleList(TestUtil.java:40)
	at simpledb.AggregateTest.createTupleLists(AggregateTest.java:38)
	at java.base/jdk.internal.reflect.NativeMethodAccessorImpl.invoke0(Native Method)
	at java.base/jdk.internal.reflect.NativeMethodAccessorImpl.invoke(NativeMethodAccessorImpl.java:76)
	at java.base/jdk.internal.reflect.DelegatingMethodAccessorImpl.invoke(DelegatingMethodAccessorImpl.java:51)
</error>

      </testcase>

      <system-out><![CDATA[]]></system-out>

      <system-err><![CDATA[]]></system-err>

  </testsuite>
  <testsuite errors="1" failures="0" hostname="DESKTOP-RO89UOI" id="1" name="BTreeDeadlockTest" package="simpledb" skipped="0" tests="1" time="0.262" timestamp="2022-06-22T07:37:30">
      <properties>
[...]
</properties>

      <testcase classname="simpledb.BTreeDeadlockTest" name="testReadWriteDeadlock" time="0.21">
          <error message="implement this" type="java.lang.UnsupportedOperationException">java.lang.UnsupportedOperationException: implement this
	at simpledb.storage.HeapFile.getId(HeapFile.java:57)
	at simpledb.index.BTreeFileEncoder.convert(BTreeFileEncoder.java:211)
	at simpledb.index.BTreeFileEncoder.convert(BTreeFileEncoder.java:181)
	at simpledb.index.BTreeUtility.createRandomBTreeFile(BTreeUtility.java:160)
	at simpledb.index.BTreeUtility.createRandomBTreeFile(BTreeUtility.java:122)
	at simpledb.BTreeDeadlockTest.setUp(BTreeDeadlockTest.java:42)
	at java.base/jdk.internal.reflect.NativeMethodAccessorImpl.invoke0(Native Method)
	at java.base/jdk.internal.reflect.NativeMethodAccessorImpl.invoke(NativeMethodAccessorImpl.java:76)
	at java.base/jdk.internal.reflect.DelegatingMethodAccessorImpl.invoke(DelegatingMethodAccessorImpl.java:51)
</error>

      </testcase>

      <system-out><![CDATA[]]></system-out>

      <system-err><![CDATA[]]></system-err>

  </testsuite>
  <testsuite errors="7" failures="0" hostname="DESKTOP-RO89UOI" id="2" name="BTreeFileDeleteTest" package="simpledb" skipped="0" tests="7" time="0.131" timestamp="2022-06-22T07:37:30">
      <properties>
[...]
</properties>

      <testcase classname="simpledb.BTreeFileDeleteTest" name="deleteTuple" time="0.053">
          <error message="implement this" type="java.lang.UnsupportedOperationException">java.lang.UnsupportedOperationException: implement this
	at simpledb.storage.HeapFile.getId(HeapFile.java:57)
	at simpledb.index.BTreeFileEncoder.convert(BTreeFileEncoder.java:211)
	at simpledb.index.BTreeFileEncoder.convert(BTreeFileEncoder.java:181)
	at simpledb.index.BTreeUtility.createRandomBTreeFile(BTreeUtility.java:160)
	at simpledb.index.BTreeUtility.createRandomBTreeFile(BTreeUtility.java:122)
	at simpledb.BTreeFileDeleteTest.deleteTuple(BTreeFileDeleteTest.java:41)
	at java.base/jdk.internal.reflect.NativeMethodAccessorImpl.invoke0(Native Method)
	at java.base/jdk.internal.reflect.NativeMethodAccessorImpl.invoke(NativeMethodAccessorImpl.java:76)
	at java.base/jdk.internal.reflect.DelegatingMethodAccessorImpl.invoke(DelegatingMethodAccessorImpl.java:51)
</error>

      </testcase>

      <testcase classname="simpledb.BTreeFileDeleteTest" name="testStealFromLeftInternalPage" time="0.01">
          <error message="Cannot invoke &quot;simpledb.storage.TupleDesc.getFieldType(int)&quot; because &quot;this.td&quot; is null" type="java.lang.NullPointerException">java.lang.NullPointerException: Cannot invoke &quot;simpledb.storage.TupleDesc.getFieldType(int)&quot; because &quot;this.td&quot; is null
	at simpledb.index.BTreeInternalPage.getMaxEntries(BTreeInternalPage.java:123)
	at simpledb.index.BTreeInternalPage.&lt;init&gt;(BTreeInternalPage.java:75)
	at simpledb.index.BTreeUtility.createRandomInternalPage(BTreeUtility.java:363)
	at simpledb.BTreeFileDeleteTest.testStealFromLeftInternalPage(BTreeFileDeleteTest.java:199)
	at java.base/jdk.internal.reflect.NativeMethodAccessorImpl.invoke0(Native Method)
	at java.base/jdk.internal.reflect.NativeMethodAccessorImpl.invoke(NativeMethodAccessorImpl.java:76)
	at java.base/jdk.internal.reflect.DelegatingMethodAccessorImpl.invoke(DelegatingMethodAccessorImpl.java:51)
</error>

      </testcase>

      <testcase classname="simpledb.BTreeFileDeleteTest" name="testStealFromRightLeafPage" time="0.003">
          <error message="Cannot invoke &quot;simpledb.storage.Field.compare(simpledb.execution.Predicate$Op, simpledb.storage.Field)&quot; because the return value of &quot;simpledb.storage.Tuple.getField(int)&quot; is null" type="java.lang.NullPointerException">java.lang.NullPointerException: Cannot invoke &quot;simpledb.storage.Field.compare(simpledb.execution.Predicate$Op, simpledb.storage.Field)&quot; because the return value of &quot;simpledb.storage.Tuple.getField(int)&quot; is null
	at simpledb.index.BTreeFileEncoder$TupleComparator.compare(BTreeFileEncoder.java:134)
	at simpledb.index.BTreeFileEncoder$TupleComparator.compare(BTreeFileEncoder.java:115)
	at java.base/java.util.TimSort.countRunAndMakeAscending(TimSort.java:355)
	at java.base/java.util.TimSort.sort(TimSort.java:234)
	at java.base/java.util.Arrays.sort(Arrays.java:1307)
	at java.base/java.util.ArrayList.sort(ArrayList.java:1721)
	at simpledb.index.BTreeFileEncoder.convertToLeafPage(BTreeFileEncoder.java:554)
	at simpledb.index.BTreeUtility.createRandomLeafPage(BTreeUtility.java:316)
	at simpledb.BTreeFileDeleteTest.testStealFromRightLeafPage(BTreeFileDeleteTest.java:110)
	at java.base/jdk.internal.reflect.NativeMethodAccessorImpl.invoke0(Native Method)
	at java.base/jdk.internal.reflect.NativeMethodAccessorImpl.invoke(NativeMethodAccessorImpl.java:76)
	at java.base/jdk.internal.reflect.DelegatingMethodAccessorImpl.invoke(DelegatingMethodAccessorImpl.java:51)
</error>

      </testcase>

      <testcase classname="simpledb.BTreeFileDeleteTest" name="testStealFromRightInternalPage" time="0.005">
          <error message="Cannot invoke &quot;simpledb.storage.TupleDesc.getFieldType(int)&quot; because &quot;this.td&quot; is null" type="java.lang.NullPointerException">java.lang.NullPointerException: Cannot invoke &quot;simpledb.storage.TupleDesc.getFieldType(int)&quot; because &quot;this.td&quot; is null
	at simpledb.index.BTreeInternalPage.getMaxEntries(BTreeInternalPage.java:123)
	at simpledb.index.BTreeInternalPage.&lt;init&gt;(BTreeInternalPage.java:75)
	at simpledb.index.BTreeUtility.createRandomInternalPage(BTreeUtility.java:363)
	at simpledb.BTreeFileDeleteTest.testStealFromRightInternalPage(BTreeFileDeleteTest.java:265)
	at java.base/jdk.internal.reflect.NativeMethodAccessorImpl.invoke0(Native Method)
	at java.base/jdk.internal.reflect.NativeMethodAccessorImpl.invoke(NativeMethodAccessorImpl.java:76)
	at java.base/jdk.internal.reflect.DelegatingMethodAccessorImpl.invoke(DelegatingMethodAccessorImpl.java:51)
</error>

      </testcase>

      <testcase classname="simpledb.BTreeFileDeleteTest" name="testStealFromLeftLeafPage" time="0.002">
          <error message="Cannot invoke &quot;simpledb.storage.Field.compare(simpledb.execution.Predicate$Op, simpledb.storage.Field)&quot; because the return value of &quot;simpledb.storage.Tuple.getField(int)&quot; is null" type="java.lang.NullPointerException">java.lang.NullPointerException: Cannot invoke &quot;simpledb.storage.Field.compare(simpledb.execution.Predicate$Op, simpledb.storage.Field)&quot; because the return value of &quot;simpledb.storage.Tuple.getField(int)&quot; is null
	at simpledb.index.BTreeFileEncoder$TupleComparator.compare(BTreeFileEncoder.java:134)
	at simpledb.index.BTreeFileEncoder$TupleComparator.compare(BTreeFileEncoder.java:115)
	at java.base/java.util.TimSort.countRunAndMakeAscending(TimSort.java:355)
	at java.base/java.util.TimSort.sort(TimSort.java:234)
	at java.base/java.util.Arrays.sort(Arrays.java:1307)
	at java.base/java.util.ArrayList.sort(ArrayList.java:1721)
	at simpledb.index.BTreeFileEncoder.convertToLeafPage(BTreeFileEncoder.java:554)
	at simpledb.index.BTreeUtility.createRandomLeafPage(BTreeUtility.java:316)
	at simpledb.BTreeFileDeleteTest.testStealFromLeftLeafPage(BTreeFileDeleteTest.java:71)
	at java.base/jdk.internal.reflect.NativeMethodAccessorImpl.invoke0(Native Method)
	at java.base/jdk.internal.reflect.NativeMethodAccessorImpl.invoke(NativeMethodAccessorImpl.java:76)
	at java.base/jdk.internal.reflect.DelegatingMethodAccessorImpl.invoke(DelegatingMethodAccessorImpl.java:51)
</error>

      </testcase>

      <testcase classname="simpledb.BTreeFileDeleteTest" name="testMergeLeafPages" time="0.001">
          <error message="Cannot invoke &quot;simpledb.storage.Field.compare(simpledb.execution.Predicate$Op, simpledb.storage.Field)&quot; because the return value of &quot;simpledb.storage.Tuple.getField(int)&quot; is null" type="java.lang.NullPointerException">java.lang.NullPointerException: Cannot invoke &quot;simpledb.storage.Field.compare(simpledb.execution.Predicate$Op, simpledb.storage.Field)&quot; because the return value of &quot;simpledb.storage.Tuple.getField(int)&quot; is null
	at simpledb.index.BTreeFileEncoder$TupleComparator.compare(BTreeFileEncoder.java:134)
	at simpledb.index.BTreeFileEncoder$TupleComparator.compare(BTreeFileEncoder.java:115)
	at java.base/java.util.TimSort.countRunAndMakeAscending(TimSort.java:355)
	at java.base/java.util.TimSort.sort(TimSort.java:234)
	at java.base/java.util.Arrays.sort(Arrays.java:1307)
	at java.base/java.util.ArrayList.sort(ArrayList.java:1721)
	at simpledb.index.BTreeFileEncoder.convertToLeafPage(BTreeFileEncoder.java:554)
	at simpledb.index.BTreeUtility.createRandomLeafPage(BTreeUtility.java:316)
	at simpledb.BTreeFileDeleteTest.testMergeLeafPages(BTreeFileDeleteTest.java:149)
	at java.base/jdk.internal.reflect.NativeMethodAccessorImpl.invoke0(Native Method)
	at java.base/jdk.internal.reflect.NativeMethodAccessorImpl.invoke(NativeMethodAccessorImpl.java:76)
	at java.base/jdk.internal.reflect.DelegatingMethodAccessorImpl.invoke(DelegatingMethodAccessorImpl.java:51)
</error>

      </testcase>

      <testcase classname="simpledb.BTreeFileDeleteTest" name="testMergeInternalPages" time="0.004">
          <error message="Cannot invoke &quot;simpledb.storage.TupleDesc.getFieldType(int)&quot; because &quot;this.td&quot; is null" type="java.lang.NullPointerException">java.lang.NullPointerException: Cannot invoke &quot;simpledb.storage.TupleDesc.getFieldType(int)&quot; because &quot;this.td&quot; is null
	at simpledb.index.BTreeInternalPage.getMaxEntries(BTreeInternalPage.java:123)
	at simpledb.index.BTreeInternalPage.&lt;init&gt;(BTreeInternalPage.java:75)
	at simpledb.index.BTreeUtility.createRandomInternalPage(BTreeUtility.java:363)
	at simpledb.BTreeFileDeleteTest.testMergeInternalPages(BTreeFileDeleteTest.java:331)
	at java.base/jdk.internal.reflect.NativeMethodAccessorImpl.invoke0(Native Method)
	at java.base/jdk.internal.reflect.NativeMethodAccessorImpl.invoke(NativeMethodAccessorImpl.java:76)
	at java.base/jdk.internal.reflect.DelegatingMethodAccessorImpl.invoke(DelegatingMethodAccessorImpl.java:51)
</error>

      </testcase>

      <system-out><![CDATA[]]></system-out>

      <system-err><![CDATA[]]></system-err>

  </testsuite>
  <testsuite errors="3" failures="0" hostname="DESKTOP-RO89UOI" id="3" name="BTreeFileInsertTest" package="simpledb" skipped="0" tests="3" time="0.13" timestamp="2022-06-22T07:37:31">
      <properties>
[...]
</properties>

      <testcase classname="simpledb.BTreeFileInsertTest" name="testReusePage" time="0.049">
          <error message="Cannot invoke &quot;simpledb.index.BTreeRootPtrPage.getHeaderId()&quot; because &quot;rootPtr&quot; is null" type="java.lang.NullPointerException">java.lang.NullPointerException: Cannot invoke &quot;simpledb.index.BTreeRootPtrPage.getHeaderId()&quot; because &quot;rootPtr&quot; is null
	at simpledb.index.BTreeFile.setEmptyPage(BTreeFile.java:983)
	at simpledb.BTreeFileInsertTest.testReusePage(BTreeFileInsertTest.java:150)
	at java.base/jdk.internal.reflect.NativeMethodAccessorImpl.invoke0(Native Method)
	at java.base/jdk.internal.reflect.NativeMethodAccessorImpl.invoke(NativeMethodAccessorImpl.java:76)
	at java.base/jdk.internal.reflect.DelegatingMethodAccessorImpl.invoke(DelegatingMethodAccessorImpl.java:51)
</error>

      </testcase>

      <testcase classname="simpledb.BTreeFileInsertTest" name="testSplitInternalPages" time="0.008">
          <error message="Cannot invoke &quot;simpledb.storage.TupleDesc.getFieldType(int)&quot; because &quot;this.td&quot; is null" type="java.lang.NullPointerException">java.lang.NullPointerException: Cannot invoke &quot;simpledb.storage.TupleDesc.getFieldType(int)&quot; because &quot;this.td&quot; is null
	at simpledb.index.BTreeInternalPage.getMaxEntries(BTreeInternalPage.java:123)
	at simpledb.index.BTreeInternalPage.&lt;init&gt;(BTreeInternalPage.java:75)
	at simpledb.index.BTreeUtility.createRandomInternalPage(BTreeUtility.java:363)
	at simpledb.index.BTreeUtility.createRandomInternalPage(BTreeUtility.java:345)
	at simpledb.BTreeFileInsertTest.testSplitInternalPages(BTreeFileInsertTest.java:101)
	at java.base/jdk.internal.reflect.NativeMethodAccessorImpl.invoke0(Native Method)
	at java.base/jdk.internal.reflect.NativeMethodAccessorImpl.invoke(NativeMethodAccessorImpl.java:76)
	at java.base/jdk.internal.reflect.DelegatingMethodAccessorImpl.invoke(DelegatingMethodAccessorImpl.java:51)
</error>

      </testcase>

      <testcase classname="simpledb.BTreeFileInsertTest" name="testSplitLeafPages" time="0.004">
          <error message="Cannot invoke &quot;simpledb.storage.Field.compare(simpledb.execution.Predicate$Op, simpledb.storage.Field)&quot; because the return value of &quot;simpledb.storage.Tuple.getField(int)&quot; is null" type="java.lang.NullPointerException">java.lang.NullPointerException: Cannot invoke &quot;simpledb.storage.Field.compare(simpledb.execution.Predicate$Op, simpledb.storage.Field)&quot; because the return value of &quot;simpledb.storage.Tuple.getField(int)&quot; is null
	at simpledb.index.BTreeFileEncoder$TupleComparator.compare(BTreeFileEncoder.java:134)
	at simpledb.index.BTreeFileEncoder$TupleComparator.compare(BTreeFileEncoder.java:115)
	at java.base/java.util.TimSort.countRunAndMakeAscending(TimSort.java:355)
	at java.base/java.util.TimSort.sort(TimSort.java:234)
	at java.base/java.util.Arrays.sort(Arrays.java:1307)
	at java.base/java.util.ArrayList.sort(ArrayList.java:1721)
	at simpledb.index.BTreeFileEncoder.convertToLeafPage(BTreeFileEncoder.java:554)
	at simpledb.index.BTreeUtility.createRandomLeafPage(BTreeUtility.java:316)
	at simpledb.index.BTreeUtility.createRandomLeafPage(BTreeUtility.java:299)
	at simpledb.BTreeFileInsertTest.testSplitLeafPages(BTreeFileInsertTest.java:51)
	at java.base/jdk.internal.reflect.NativeMethodAccessorImpl.invoke0(Native Method)
	at java.base/jdk.internal.reflect.NativeMethodAccessorImpl.invoke(NativeMethodAccessorImpl.java:76)
	at java.base/jdk.internal.reflect.DelegatingMethodAccessorImpl.invoke(DelegatingMethodAccessorImpl.java:51)
</error>

      </testcase>

      <system-out><![CDATA[]]></system-out>

      <system-err><![CDATA[]]></system-err>

  </testsuite>
  <testsuite errors="7" failures="0" hostname="DESKTOP-RO89UOI" id="4" name="BTreeFileReadTest" package="simpledb" skipped="0" tests="7" time="0.155" timestamp="2022-06-22T07:37:31">
      <properties>
[...]
</properties>

      <testcase classname="simpledb.BTreeFileReadTest" name="getTupleDesc" time="0.055">
          <error message="implement this" type="java.lang.UnsupportedOperationException">java.lang.UnsupportedOperationException: implement this
	at simpledb.storage.HeapFile.getId(HeapFile.java:57)
	at simpledb.index.BTreeFileEncoder.convert(BTreeFileEncoder.java:211)
	at simpledb.index.BTreeFileEncoder.convert(BTreeFileEncoder.java:181)
	at simpledb.index.BTreeUtility.createRandomBTreeFile(BTreeUtility.java:160)
	at simpledb.index.BTreeUtility.createRandomBTreeFile(BTreeUtility.java:122)
	at simpledb.BTreeFileReadTest.setUp(BTreeFileReadTest.java:31)
	at java.base/jdk.internal.reflect.NativeMethodAccessorImpl.invoke0(Native Method)
	at java.base/jdk.internal.reflect.NativeMethodAccessorImpl.invoke(NativeMethodAccessorImpl.java:76)
	at java.base/jdk.internal.reflect.DelegatingMethodAccessorImpl.invoke(DelegatingMethodAccessorImpl.java:51)
</error>

      </testcase>

      <testcase classname="simpledb.BTreeFileReadTest" name="numPages" time="0.011">
          <error message="implement this" type="java.lang.UnsupportedOperationException">java.lang.UnsupportedOperationException: implement this
	at simpledb.storage.HeapFile.getId(HeapFile.java:57)
	at simpledb.index.BTreeFileEncoder.convert(BTreeFileEncoder.java:211)
	at simpledb.index.BTreeFileEncoder.convert(BTreeFileEncoder.java:181)
	at simpledb.index.BTreeUtility.createRandomBTreeFile(BTreeUtility.java:160)
	at simpledb.index.BTreeUtility.createRandomBTreeFile(BTreeUtility.java:122)
	at simpledb.BTreeFileReadTest.setUp(BTreeFileReadTest.java:31)
	at java.base/jdk.internal.reflect.NativeMethodAccessorImpl.invoke0(Native Method)
	at java.base/jdk.internal.reflect.NativeMethodAccessorImpl.invoke(NativeMethodAccessorImpl.java:76)
	at java.base/jdk.internal.reflect.DelegatingMethodAccessorImpl.invoke(DelegatingMethodAccessorImpl.java:51)
</error>

      </testcase>

      <testcase classname="simpledb.BTreeFileReadTest" name="readPage" time="0.011">
          <error message="implement this" type="java.lang.UnsupportedOperationException">java.lang.UnsupportedOperationException: implement this
	at simpledb.storage.HeapFile.getId(HeapFile.java:57)
	at simpledb.index.BTreeFileEncoder.convert(BTreeFileEncoder.java:211)
	at simpledb.index.BTreeFileEncoder.convert(BTreeFileEncoder.java:181)
	at simpledb.index.BTreeUtility.createRandomBTreeFile(BTreeUtility.java:160)
	at simpledb.index.BTreeUtility.createRandomBTreeFile(BTreeUtility.java:122)
	at simpledb.BTreeFileReadTest.setUp(BTreeFileReadTest.java:31)
	at java.base/jdk.internal.reflect.NativeMethodAccessorImpl.invoke0(Native Method)
	at java.base/jdk.internal.reflect.NativeMethodAccessorImpl.invoke(NativeMethodAccessorImpl.java:76)
	at java.base/jdk.internal.reflect.DelegatingMethodAccessorImpl.invoke(DelegatingMethodAccessorImpl.java:51)
</error>

      </testcase>

      <testcase classname="simpledb.BTreeFileReadTest" name="getId" time="0.007">
          <error message="implement this" type="java.lang.UnsupportedOperationException">java.lang.UnsupportedOperationException: implement this
	at simpledb.storage.HeapFile.getId(HeapFile.java:57)
	at simpledb.index.BTreeFileEncoder.convert(BTreeFileEncoder.java:211)
	at simpledb.index.BTreeFileEncoder.convert(BTreeFileEncoder.java:181)
	at simpledb.index.BTreeUtility.createRandomBTreeFile(BTreeUtility.java:160)
	at simpledb.index.BTreeUtility.createRandomBTreeFile(BTreeUtility.java:122)
	at simpledb.BTreeFileReadTest.setUp(BTreeFileReadTest.java:31)
	at java.base/jdk.internal.reflect.NativeMethodAccessorImpl.invoke0(Native Method)
	at java.base/jdk.internal.reflect.NativeMethodAccessorImpl.invoke(NativeMethodAccessorImpl.java:76)
	at java.base/jdk.internal.reflect.DelegatingMethodAccessorImpl.invoke(DelegatingMethodAccessorImpl.java:51)
</error>

      </testcase>

      <testcase classname="simpledb.BTreeFileReadTest" name="testIteratorBasic" time="0.006">
          <error message="implement this" type="java.lang.UnsupportedOperationException">java.lang.UnsupportedOperationException: implement this
	at simpledb.storage.HeapFile.getId(HeapFile.java:57)
	at simpledb.index.BTreeFileEncoder.convert(BTreeFileEncoder.java:211)
	at simpledb.index.BTreeFileEncoder.convert(BTreeFileEncoder.java:181)
	at simpledb.index.BTreeUtility.createRandomBTreeFile(BTreeUtility.java:160)
	at simpledb.index.BTreeUtility.createRandomBTreeFile(BTreeUtility.java:122)
	at simpledb.BTreeFileReadTest.setUp(BTreeFileReadTest.java:31)
	at java.base/jdk.internal.reflect.NativeMethodAccessorImpl.invoke0(Native Method)
	at java.base/jdk.internal.reflect.NativeMethodAccessorImpl.invoke(NativeMethodAccessorImpl.java:76)
	at java.base/jdk.internal.reflect.DelegatingMethodAccessorImpl.invoke(DelegatingMethodAccessorImpl.java:51)
</error>

      </testcase>

      <testcase classname="simpledb.BTreeFileReadTest" name="testIteratorClose" time="0.005">
          <error message="implement this" type="java.lang.UnsupportedOperationException">java.lang.UnsupportedOperationException: implement this
	at simpledb.storage.HeapFile.getId(HeapFile.java:57)
	at simpledb.index.BTreeFileEncoder.convert(BTreeFileEncoder.java:211)
	at simpledb.index.BTreeFileEncoder.convert(BTreeFileEncoder.java:181)
	at simpledb.index.BTreeUtility.createRandomBTreeFile(BTreeUtility.java:160)
	at simpledb.index.BTreeUtility.createRandomBTreeFile(BTreeUtility.java:122)
	at simpledb.BTreeFileReadTest.setUp(BTreeFileReadTest.java:31)
	at java.base/jdk.internal.reflect.NativeMethodAccessorImpl.invoke0(Native Method)
	at java.base/jdk.internal.reflect.NativeMethodAccessorImpl.invoke(NativeMethodAccessorImpl.java:76)
	at java.base/jdk.internal.reflect.DelegatingMethodAccessorImpl.invoke(DelegatingMethodAccessorImpl.java:51)
</error>

      </testcase>

      <testcase classname="simpledb.BTreeFileReadTest" name="indexIterator" time="0.006">
          <error message="implement this" type="java.lang.UnsupportedOperationException">java.lang.UnsupportedOperationException: implement this
	at simpledb.storage.HeapFile.getId(HeapFile.java:57)
	at simpledb.index.BTreeFileEncoder.convert(BTreeFileEncoder.java:211)
	at simpledb.index.BTreeFileEncoder.convert(BTreeFileEncoder.java:181)
	at simpledb.index.BTreeUtility.createRandomBTreeFile(BTreeUtility.java:160)
	at simpledb.index.BTreeUtility.createRandomBTreeFile(BTreeUtility.java:122)
	at simpledb.BTreeFileReadTest.setUp(BTreeFileReadTest.java:31)
	at java.base/jdk.internal.reflect.NativeMethodAccessorImpl.invoke0(Native Method)
	at java.base/jdk.internal.reflect.NativeMethodAccessorImpl.invoke(NativeMethodAccessorImpl.java:76)
	at java.base/jdk.internal.reflect.DelegatingMethodAccessorImpl.invoke(DelegatingMethodAccessorImpl.java:51)
</error>

      </testcase>

      <system-out><![CDATA[]]></system-out>

      <system-err><![CDATA[]]></system-err>

  </testsuite>
  <testsuite errors="0" failures="0" hostname="DESKTOP-RO89UOI" id="5" name="BTreeHeaderPageTest" package="simpledb" skipped="0" tests="10" time="0.093" timestamp="2022-06-22T07:37:31">
      <properties>
[...]
</properties>

      <testcase classname="simpledb.BTreeHeaderPageTest" name="numSlots" time="0.035" />

      <testcase classname="simpledb.BTreeHeaderPageTest" name="getNextPageId" time="0.002" />

      <testcase classname="simpledb.BTreeHeaderPageTest" name="getEmptySlot" time="0.001" />

      <testcase classname="simpledb.BTreeHeaderPageTest" name="getPageData" time="0.002" />

      <testcase classname="simpledb.BTreeHeaderPageTest" name="testDirty" time="0.001" />

      <testcase classname="simpledb.BTreeHeaderPageTest" name="getPrevPageId" time="0.0" />

      <testcase classname="simpledb.BTreeHeaderPageTest" name="setNextPageId" time="0.0" />

      <testcase classname="simpledb.BTreeHeaderPageTest" name="setPrevPageId" time="0.001" />

      <testcase classname="simpledb.BTreeHeaderPageTest" name="getSlot" time="0.001" />

      <testcase classname="simpledb.BTreeHeaderPageTest" name="getId" time="0.0" />

      <system-out><![CDATA[]]></system-out>

      <system-err><![CDATA[]]></system-err>

  </testsuite>
  <testsuite errors="11" failures="0" hostname="DESKTOP-RO89UOI" id="6" name="BTreeInternalPageTest" package="simpledb" skipped="0" tests="11" time="0.099" timestamp="2022-06-22T07:37:32">
      <properties>
[...]
</properties>

      <testcase classname="simpledb.BTreeInternalPageTest" name="addEntry" time="0.038">
          <error message="Cannot invoke &quot;simpledb.storage.TupleDesc.getFieldType(int)&quot; because &quot;this.td&quot; is null" type="java.lang.NullPointerException">java.lang.NullPointerException: Cannot invoke &quot;simpledb.storage.TupleDesc.getFieldType(int)&quot; because &quot;this.td&quot; is null
	at simpledb.index.BTreeInternalPage.getMaxEntries(BTreeInternalPage.java:123)
	at simpledb.index.BTreeInternalPage.&lt;init&gt;(BTreeInternalPage.java:75)
	at simpledb.BTreeInternalPageTest.addEntry(BTreeInternalPageTest.java:221)
	at java.base/jdk.internal.reflect.NativeMethodAccessorImpl.invoke0(Native Method)
	at java.base/jdk.internal.reflect.NativeMethodAccessorImpl.invoke(NativeMethodAccessorImpl.java:76)
	at java.base/jdk.internal.reflect.DelegatingMethodAccessorImpl.invoke(DelegatingMethodAccessorImpl.java:51)
</error>

      </testcase>

      <testcase classname="simpledb.BTreeInternalPageTest" name="testDirty" time="0.002">
          <error message="Cannot invoke &quot;simpledb.storage.TupleDesc.getFieldType(int)&quot; because &quot;this.td&quot; is null" type="java.lang.NullPointerException">java.lang.NullPointerException: Cannot invoke &quot;simpledb.storage.TupleDesc.getFieldType(int)&quot; because &quot;this.td&quot; is null
	at simpledb.index.BTreeInternalPage.getMaxEntries(BTreeInternalPage.java:123)
	at simpledb.index.BTreeInternalPage.&lt;init&gt;(BTreeInternalPage.java:75)
	at simpledb.BTreeInternalPageTest.testDirty(BTreeInternalPageTest.java:204)
	at java.base/jdk.internal.reflect.NativeMethodAccessorImpl.invoke0(Native Method)
	at java.base/jdk.internal.reflect.NativeMethodAccessorImpl.invoke(NativeMethodAccessorImpl.java:76)
	at java.base/jdk.internal.reflect.DelegatingMethodAccessorImpl.invoke(DelegatingMethodAccessorImpl.java:51)
</error>

      </testcase>

      <testcase classname="simpledb.BTreeInternalPageTest" name="deleteEntry" time="0.001">
          <error message="Cannot invoke &quot;simpledb.storage.TupleDesc.getFieldType(int)&quot; because &quot;this.td&quot; is null" type="java.lang.NullPointerException">java.lang.NullPointerException: Cannot invoke &quot;simpledb.storage.TupleDesc.getFieldType(int)&quot; because &quot;this.td&quot; is null
	at simpledb.index.BTreeInternalPage.getMaxEntries(BTreeInternalPage.java:123)
	at simpledb.index.BTreeInternalPage.&lt;init&gt;(BTreeInternalPage.java:75)
	at simpledb.BTreeInternalPageTest.deleteEntry(BTreeInternalPageTest.java:296)
	at java.base/jdk.internal.reflect.NativeMethodAccessorImpl.invoke0(Native Method)
	at java.base/jdk.internal.reflect.NativeMethodAccessorImpl.invoke(NativeMethodAccessorImpl.java:76)
	at java.base/jdk.internal.reflect.DelegatingMethodAccessorImpl.invoke(DelegatingMethodAccessorImpl.java:51)
</error>

      </testcase>

      <testcase classname="simpledb.BTreeInternalPageTest" name="setParentId" time="0.001">
          <error message="Cannot invoke &quot;simpledb.storage.TupleDesc.getFieldType(int)&quot; because &quot;this.td&quot; is null" type="java.lang.NullPointerException">java.lang.NullPointerException: Cannot invoke &quot;simpledb.storage.TupleDesc.getFieldType(int)&quot; because &quot;this.td&quot; is null
	at simpledb.index.BTreeInternalPage.getMaxEntries(BTreeInternalPage.java:123)
	at simpledb.index.BTreeInternalPage.&lt;init&gt;(BTreeInternalPage.java:75)
	at simpledb.BTreeInternalPageTest.setParentId(BTreeInternalPageTest.java:105)
	at java.base/jdk.internal.reflect.NativeMethodAccessorImpl.invoke0(Native Method)
	at java.base/jdk.internal.reflect.NativeMethodAccessorImpl.invoke(NativeMethodAccessorImpl.java:76)
	at java.base/jdk.internal.reflect.DelegatingMethodAccessorImpl.invoke(DelegatingMethodAccessorImpl.java:51)
</error>

      </testcase>

      <testcase classname="simpledb.BTreeInternalPageTest" name="getParentId" time="0.001">
          <error message="Cannot invoke &quot;simpledb.storage.TupleDesc.getFieldType(int)&quot; because &quot;this.td&quot; is null" type="java.lang.NullPointerException">java.lang.NullPointerException: Cannot invoke &quot;simpledb.storage.TupleDesc.getFieldType(int)&quot; because &quot;this.td&quot; is null
	at simpledb.index.BTreeInternalPage.getMaxEntries(BTreeInternalPage.java:123)
	at simpledb.index.BTreeInternalPage.&lt;init&gt;(BTreeInternalPage.java:75)
	at simpledb.BTreeInternalPageTest.getParentId(BTreeInternalPageTest.java:97)
	at java.base/jdk.internal.reflect.NativeMethodAccessorImpl.invoke0(Native Method)
	at java.base/jdk.internal.reflect.NativeMethodAccessorImpl.invoke(NativeMethodAccessorImpl.java:76)
	at java.base/jdk.internal.reflect.DelegatingMethodAccessorImpl.invoke(DelegatingMethodAccessorImpl.java:51)
</error>

      </testcase>

      <testcase classname="simpledb.BTreeInternalPageTest" name="testReverseIterator" time="0.001">
          <error message="Cannot invoke &quot;simpledb.storage.TupleDesc.getFieldType(int)&quot; because &quot;this.td&quot; is null" type="java.lang.NullPointerException">java.lang.NullPointerException: Cannot invoke &quot;simpledb.storage.TupleDesc.getFieldType(int)&quot; because &quot;this.td&quot; is null
	at simpledb.index.BTreeInternalPage.getMaxEntries(BTreeInternalPage.java:123)
	at simpledb.index.BTreeInternalPage.&lt;init&gt;(BTreeInternalPage.java:75)
	at simpledb.BTreeInternalPageTest.testReverseIterator(BTreeInternalPageTest.java:156)
	at java.base/jdk.internal.reflect.NativeMethodAccessorImpl.invoke0(Native Method)
	at java.base/jdk.internal.reflect.NativeMethodAccessorImpl.invoke(NativeMethodAccessorImpl.java:76)
	at java.base/jdk.internal.reflect.DelegatingMethodAccessorImpl.invoke(DelegatingMethodAccessorImpl.java:51)
</error>

      </testcase>

      <testcase classname="simpledb.BTreeInternalPageTest" name="getSlot" time="0.0">
          <error message="Cannot invoke &quot;simpledb.storage.TupleDesc.getFieldType(int)&quot; because &quot;this.td&quot; is null" type="java.lang.NullPointerException">java.lang.NullPointerException: Cannot invoke &quot;simpledb.storage.TupleDesc.getFieldType(int)&quot; because &quot;this.td&quot; is null
	at simpledb.index.BTreeInternalPage.getMaxEntries(BTreeInternalPage.java:123)
	at simpledb.index.BTreeInternalPage.&lt;init&gt;(BTreeInternalPage.java:75)
	at simpledb.BTreeInternalPageTest.getSlot(BTreeInternalPageTest.java:189)
	at java.base/jdk.internal.reflect.NativeMethodAccessorImpl.invoke0(Native Method)
	at java.base/jdk.internal.reflect.NativeMethodAccessorImpl.invoke(NativeMethodAccessorImpl.java:76)
	at java.base/jdk.internal.reflect.DelegatingMethodAccessorImpl.invoke(DelegatingMethodAccessorImpl.java:51)
</error>

      </testcase>

      <testcase classname="simpledb.BTreeInternalPageTest" name="getId" time="0.0">
          <error message="Cannot invoke &quot;simpledb.storage.TupleDesc.getFieldType(int)&quot; because &quot;this.td&quot; is null" type="java.lang.NullPointerException">java.lang.NullPointerException: Cannot invoke &quot;simpledb.storage.TupleDesc.getFieldType(int)&quot; because &quot;this.td&quot; is null
	at simpledb.index.BTreeInternalPage.getMaxEntries(BTreeInternalPage.java:123)
	at simpledb.index.BTreeInternalPage.&lt;init&gt;(BTreeInternalPage.java:75)
	at simpledb.BTreeInternalPageTest.getId(BTreeInternalPageTest.java:89)
	at java.base/jdk.internal.reflect.NativeMethodAccessorImpl.invoke0(Native Method)
	at java.base/jdk.internal.reflect.NativeMethodAccessorImpl.invoke(NativeMethodAccessorImpl.java:76)
	at java.base/jdk.internal.reflect.DelegatingMethodAccessorImpl.invoke(DelegatingMethodAccessorImpl.java:51)
</error>

      </testcase>

      <testcase classname="simpledb.BTreeInternalPageTest" name="deleteNonexistentEntry" time="0.001">
          <error message="Unexpected exception, expected&lt;simpledb.common.DbException&gt; but was&lt;java.lang.NullPointerException&gt;" type="java.lang.Exception">java.lang.Exception: Unexpected exception, expected&lt;simpledb.common.DbException&gt; but was&lt;java.lang.NullPointerException&gt;
Caused by: java.lang.NullPointerException: Cannot invoke &quot;simpledb.storage.TupleDesc.getFieldType(int)&quot; because &quot;this.td&quot; is null
	at simpledb.index.BTreeInternalPage.getMaxEntries(BTreeInternalPage.java:123)
	at simpledb.index.BTreeInternalPage.&lt;init&gt;(BTreeInternalPage.java:75)
	at simpledb.BTreeInternalPageTest.deleteNonexistentEntry(BTreeInternalPageTest.java:288)
	at java.base/jdk.internal.reflect.NativeMethodAccessorImpl.invoke0(Native Method)
	at java.base/jdk.internal.reflect.NativeMethodAccessorImpl.invoke(NativeMethodAccessorImpl.java:76)
	at java.base/jdk.internal.reflect.DelegatingMethodAccessorImpl.invoke(DelegatingMethodAccessorImpl.java:51)
</error>

      </testcase>

      <testcase classname="simpledb.BTreeInternalPageTest" name="getNumEmptySlots" time="0.0">
          <error message="Cannot invoke &quot;simpledb.storage.TupleDesc.getFieldType(int)&quot; because &quot;this.td&quot; is null" type="java.lang.NullPointerException">java.lang.NullPointerException: Cannot invoke &quot;simpledb.storage.TupleDesc.getFieldType(int)&quot; because &quot;this.td&quot; is null
	at simpledb.index.BTreeInternalPage.getMaxEntries(BTreeInternalPage.java:123)
	at simpledb.index.BTreeInternalPage.&lt;init&gt;(BTreeInternalPage.java:75)
	at simpledb.BTreeInternalPageTest.getNumEmptySlots(BTreeInternalPageTest.java:181)
	at java.base/jdk.internal.reflect.NativeMethodAccessorImpl.invoke0(Native Method)
	at java.base/jdk.internal.reflect.NativeMethodAccessorImpl.invoke(NativeMethodAccessorImpl.java:76)
	at java.base/jdk.internal.reflect.DelegatingMethodAccessorImpl.invoke(DelegatingMethodAccessorImpl.java:51)
</error>

      </testcase>

      <testcase classname="simpledb.BTreeInternalPageTest" name="testIterator" time="0.001">
          <error message="Cannot invoke &quot;simpledb.storage.TupleDesc.getFieldType(int)&quot; because &quot;this.td&quot; is null" type="java.lang.NullPointerException">java.lang.NullPointerException: Cannot invoke &quot;simpledb.storage.TupleDesc.getFieldType(int)&quot; because &quot;this.td&quot; is null
	at simpledb.index.BTreeInternalPage.getMaxEntries(BTreeInternalPage.java:123)
	at simpledb.index.BTreeInternalPage.&lt;init&gt;(BTreeInternalPage.java:75)
	at simpledb.BTreeInternalPageTest.testIterator(BTreeInternalPageTest.java:131)
	at java.base/jdk.internal.reflect.NativeMethodAccessorImpl.invoke0(Native Method)
	at java.base/jdk.internal.reflect.NativeMethodAccessorImpl.invoke(NativeMethodAccessorImpl.java:76)
	at java.base/jdk.internal.reflect.DelegatingMethodAccessorImpl.invoke(DelegatingMethodAccessorImpl.java:51)
</error>

      </testcase>

      <system-out><![CDATA[]]></system-out>

      <system-err><![CDATA[]]></system-err>

  </testsuite>
  <testsuite errors="1" failures="0" hostname="DESKTOP-RO89UOI" id="7" name="BTreeLeafPageTest" package="simpledb" skipped="0" tests="1" time="0.0" timestamp="2022-06-22T07:37:32">
      <properties>
[...]
</properties>

      <error type="java.lang.ExceptionInInitializerError">java.lang.ExceptionInInitializerError
	at java.base/jdk.internal.reflect.NativeMethodAccessorImpl.invoke0(Native Method)
	at java.base/jdk.internal.reflect.NativeMethodAccessorImpl.invoke(NativeMethodAccessorImpl.java:76)
	at java.base/jdk.internal.reflect.DelegatingMethodAccessorImpl.invoke(DelegatingMethodAccessorImpl.java:51)
Caused by: java.lang.NullPointerException: Cannot invoke &quot;simpledb.storage.Field.compare(simpledb.execution.Predicate$Op, simpledb.storage.Field)&quot; because the return value of &quot;simpledb.storage.Tuple.getField(int)&quot; is null
	at simpledb.index.BTreeFileEncoder$TupleComparator.compare(BTreeFileEncoder.java:134)
	at simpledb.index.BTreeFileEncoder$TupleComparator.compare(BTreeFileEncoder.java:115)
	at java.base/java.util.TimSort.countRunAndMakeAscending(TimSort.java:355)
	at java.base/java.util.TimSort.sort(TimSort.java:220)
	at java.base/java.util.Arrays.sort(Arrays.java:1307)
	at java.base/java.util.ArrayList.sort(ArrayList.java:1721)
	at simpledb.index.BTreeFileEncoder.convertToLeafPage(BTreeFileEncoder.java:554)
	at simpledb.BTreeLeafPageTest.&lt;clinit&gt;(BTreeLeafPageTest.java:71)
</error>

      <system-out><![CDATA[]]></system-out>

      <system-err><![CDATA[]]></system-err>

  </testsuite>
  <testsuite errors="2" failures="0" hostname="DESKTOP-RO89UOI" id="8" name="BTreeNextKeyLockingTest" package="simpledb" skipped="0" tests="2" time="0.19" timestamp="2022-06-22T07:37:32">
      <properties>
[...]
</properties>

      <testcase classname="simpledb.BTreeNextKeyLockingTest" name="nextKeyLockingTestLessThan" time="0.104">
          <error message="implement this" type="java.lang.UnsupportedOperationException">java.lang.UnsupportedOperationException: implement this
	at simpledb.storage.HeapFile.getId(HeapFile.java:57)
	at simpledb.index.BTreeFileEncoder.convert(BTreeFileEncoder.java:211)
	at simpledb.index.BTreeFileEncoder.convert(BTreeFileEncoder.java:181)
	at simpledb.index.BTreeUtility.createRandomBTreeFile(BTreeUtility.java:160)
	at simpledb.index.BTreeUtility.createRandomBTreeFile(BTreeUtility.java:122)
	at simpledb.BTreeNextKeyLockingTest.nextKeyLockingTestLessThan(BTreeNextKeyLockingTest.java:46)
	at java.base/jdk.internal.reflect.NativeMethodAccessorImpl.invoke0(Native Method)
	at java.base/jdk.internal.reflect.NativeMethodAccessorImpl.invoke(NativeMethodAccessorImpl.java:76)
	at java.base/jdk.internal.reflect.DelegatingMethodAccessorImpl.invoke(DelegatingMethodAccessorImpl.java:51)
</error>

      </testcase>

      <testcase classname="simpledb.BTreeNextKeyLockingTest" name="nextKeyLockingTestGreaterThan" time="0.034">
          <error message="implement this" type="java.lang.UnsupportedOperationException">java.lang.UnsupportedOperationException: implement this
	at simpledb.storage.HeapFile.getId(HeapFile.java:57)
	at simpledb.index.BTreeFileEncoder.convert(BTreeFileEncoder.java:211)
	at simpledb.index.BTreeFileEncoder.convert(BTreeFileEncoder.java:181)
	at simpledb.index.BTreeUtility.createRandomBTreeFile(BTreeUtility.java:160)
	at simpledb.index.BTreeUtility.createRandomBTreeFile(BTreeUtility.java:122)
	at simpledb.BTreeNextKeyLockingTest.nextKeyLockingTestGreaterThan(BTreeNextKeyLockingTest.java:148)
	at java.base/jdk.internal.reflect.NativeMethodAccessorImpl.invoke0(Native Method)
	at java.base/jdk.internal.reflect.NativeMethodAccessorImpl.invoke(NativeMethodAccessorImpl.java:76)
	at java.base/jdk.internal.reflect.DelegatingMethodAccessorImpl.invoke(DelegatingMethodAccessorImpl.java:51)
</error>

      </testcase>

      <system-out><![CDATA[]]></system-out>

      <system-err><![CDATA[]]></system-err>

  </testsuite>
  <testsuite errors="0" failures="0" hostname="DESKTOP-RO89UOI" id="9" name="BTreePageIdTest" package="simpledb" skipped="0" tests="4" time="0.051" timestamp="2022-06-22T07:37:33">
      <properties>
[...]
</properties>

      <testcase classname="simpledb.BTreePageIdTest" name="equals" time="0.003" />

      <testcase classname="simpledb.BTreePageIdTest" name="pageno" time="0.0" />

      <testcase classname="simpledb.BTreePageIdTest" name="getTableId" time="0.0" />

      <testcase classname="simpledb.BTreePageIdTest" name="testHashCode" time="0.0" />

      <system-out><![CDATA[]]></system-out>

      <system-err><![CDATA[]]></system-err>

  </testsuite>
  <testsuite errors="0" failures="0" hostname="DESKTOP-RO89UOI" id="10" name="BTreeRootPtrPageTest" package="simpledb" skipped="0" tests="6" time="0.088" timestamp="2022-06-22T07:37:33">
      <properties>
[...]
</properties>

      <testcase classname="simpledb.BTreeRootPtrPageTest" name="testDirty" time="0.035" />

      <testcase classname="simpledb.BTreeRootPtrPageTest" name="getId" time="0.001" />

      <testcase classname="simpledb.BTreeRootPtrPageTest" name="setRootId" time="0.0" />

      <testcase classname="simpledb.BTreeRootPtrPageTest" name="getRootId" time="0.002" />

      <testcase classname="simpledb.BTreeRootPtrPageTest" name="setHeaderId" time="0.0" />

      <testcase classname="simpledb.BTreeRootPtrPageTest" name="getHeaderId" time="0.001" />

      <system-out><![CDATA[]]></system-out>

      <system-err><![CDATA[]]></system-err>

  </testsuite>
  <testsuite errors="3" failures="0" hostname="DESKTOP-RO89UOI" id="11" name="BufferPoolWriteTest" package="simpledb" skipped="0" tests="3" time="0.094" timestamp="2022-06-22T07:37:33">
      <properties>
[...]
</properties>

      <testcase classname="simpledb.BufferPoolWriteTest" name="deleteTuple" time="0.041">
          <error message="implement this" type="java.lang.UnsupportedOperationException">java.lang.UnsupportedOperationException: implement this
	at simpledb.storage.HeapFile.getId(HeapFile.java:57)
	at simpledb.common.Utility.createEmptyHeapFile(Utility.java:114)
	at simpledb.TestUtil$CreateHeapFile.setUp(TestUtil.java:386)
	at simpledb.BufferPoolWriteTest.setUp(BufferPoolWriteTest.java:62)
	at java.base/jdk.internal.reflect.NativeMethodAccessorImpl.invoke0(Native Method)
	at java.base/jdk.internal.reflect.NativeMethodAccessorImpl.invoke(NativeMethodAccessorImpl.java:76)
	at java.base/jdk.internal.reflect.DelegatingMethodAccessorImpl.invoke(DelegatingMethodAccessorImpl.java:51)
</error>

      </testcase>

      <testcase classname="simpledb.BufferPoolWriteTest" name="insertTuple" time="0.002">
          <error message="implement this" type="java.lang.UnsupportedOperationException">java.lang.UnsupportedOperationException: implement this
	at simpledb.storage.HeapFile.getId(HeapFile.java:57)
	at simpledb.common.Utility.createEmptyHeapFile(Utility.java:114)
	at simpledb.TestUtil$CreateHeapFile.setUp(TestUtil.java:386)
	at simpledb.BufferPoolWriteTest.setUp(BufferPoolWriteTest.java:62)
	at java.base/jdk.internal.reflect.NativeMethodAccessorImpl.invoke0(Native Method)
	at java.base/jdk.internal.reflect.NativeMethodAccessorImpl.invoke(NativeMethodAccessorImpl.java:76)
	at java.base/jdk.internal.reflect.DelegatingMethodAccessorImpl.invoke(DelegatingMethodAccessorImpl.java:51)
</error>

      </testcase>

      <testcase classname="simpledb.BufferPoolWriteTest" name="handleManyDirtyPages" time="0.001">
          <error message="implement this" type="java.lang.UnsupportedOperationException">java.lang.UnsupportedOperationException: implement this
	at simpledb.storage.HeapFile.getId(HeapFile.java:57)
	at simpledb.common.Utility.createEmptyHeapFile(Utility.java:114)
	at simpledb.TestUtil$CreateHeapFile.setUp(TestUtil.java:386)
	at simpledb.BufferPoolWriteTest.setUp(BufferPoolWriteTest.java:62)
	at java.base/jdk.internal.reflect.NativeMethodAccessorImpl.invoke0(Native Method)
	at java.base/jdk.internal.reflect.NativeMethodAccessorImpl.invoke(NativeMethodAccessorImpl.java:76)
	at java.base/jdk.internal.reflect.DelegatingMethodAccessorImpl.invoke(DelegatingMethodAccessorImpl.java:51)
</error>

      </testcase>

      <system-out><![CDATA[]]></system-out>

      <system-err><![CDATA[]]></system-err>

  </testsuite>
  <testsuite errors="1" failures="4" hostname="DESKTOP-RO89UOI" id="12" name="CatalogTest" package="simpledb" skipped="0" tests="5" time="0.056" timestamp="2022-06-22T07:37:34">
      <properties>
[...]
</properties>

      <testcase classname="simpledb.CatalogTest" name="getTupleDesc" time="0.007">
          <error message="expected:&lt;&gt; but was:&lt;null&gt;" type="java.lang.AssertionError">java.lang.AssertionError: expected:&lt;&gt; but was:&lt;null&gt;
	at simpledb.CatalogTest.getTupleDesc(CatalogTest.java:43)
	at java.base/jdk.internal.reflect.NativeMethodAccessorImpl.invoke0(Native Method)
	at java.base/jdk.internal.reflect.NativeMethodAccessorImpl.invoke(NativeMethodAccessorImpl.java:76)
	at java.base/jdk.internal.reflect.DelegatingMethodAccessorImpl.invoke(DelegatingMethodAccessorImpl.java:51)
</error>

      </testcase>

      <testcase classname="simpledb.CatalogTest" name="getTableId" time="0.001">
          <error message="expected:&lt;460662719&gt; but was:&lt;0&gt;" type="java.lang.AssertionError">java.lang.AssertionError: expected:&lt;460662719&gt; but was:&lt;0&gt;
	at simpledb.CatalogTest.getTableId(CatalogTest.java:50)
	at java.base/jdk.internal.reflect.NativeMethodAccessorImpl.invoke0(Native Method)
	at java.base/jdk.internal.reflect.NativeMethodAccessorImpl.invoke(NativeMethodAccessorImpl.java:76)
	at java.base/jdk.internal.reflect.DelegatingMethodAccessorImpl.invoke(DelegatingMethodAccessorImpl.java:51)
</error>

      </testcase>

      <testcase classname="simpledb.CatalogTest" name="handleDuplicateIds" time="0.001">
          <error message="expected:&lt;600a0d3b-ea08-4b1c-a61b-42c01261ed0c&gt; but was:&lt;null&gt;" type="java.lang.AssertionError">java.lang.AssertionError: expected:&lt;600a0d3b-ea08-4b1c-a61b-42c01261ed0c&gt; but was:&lt;null&gt;
	at simpledb.CatalogTest.handleDuplicateIds(CatalogTest.java:96)
	at java.base/jdk.internal.reflect.NativeMethodAccessorImpl.invoke0(Native Method)
	at java.base/jdk.internal.reflect.NativeMethodAccessorImpl.invoke(NativeMethodAccessorImpl.java:76)
	at java.base/jdk.internal.reflect.DelegatingMethodAccessorImpl.invoke(DelegatingMethodAccessorImpl.java:51)
</error>

      </testcase>

      <testcase classname="simpledb.CatalogTest" name="getDatabaseFile" time="0.001">
          <error message="Cannot invoke &quot;simpledb.storage.DbFile.getId()&quot; because &quot;f&quot; is null" type="java.lang.NullPointerException">java.lang.NullPointerException: Cannot invoke &quot;simpledb.storage.DbFile.getId()&quot; because &quot;f&quot; is null
	at simpledb.CatalogTest.getDatabaseFile(CatalogTest.java:77)
	at java.base/jdk.internal.reflect.NativeMethodAccessorImpl.invoke0(Native Method)
	at java.base/jdk.internal.reflect.NativeMethodAccessorImpl.invoke(NativeMethodAccessorImpl.java:76)
	at java.base/jdk.internal.reflect.DelegatingMethodAccessorImpl.invoke(DelegatingMethodAccessorImpl.java:51)
</error>

      </testcase>

      <testcase classname="simpledb.CatalogTest" name="handleDuplicateNames" time="0.0">
          <error message="expected:&lt;1558591780&gt; but was:&lt;0&gt;" type="java.lang.AssertionError">java.lang.AssertionError: expected:&lt;1558591780&gt; but was:&lt;0&gt;
	at simpledb.CatalogTest.handleDuplicateNames(CatalogTest.java:86)
	at java.base/jdk.internal.reflect.NativeMethodAccessorImpl.invoke0(Native Method)
	at java.base/jdk.internal.reflect.NativeMethodAccessorImpl.invoke(NativeMethodAccessorImpl.java:76)
	at java.base/jdk.internal.reflect.DelegatingMethodAccessorImpl.invoke(DelegatingMethodAccessorImpl.java:51)
</error>

      </testcase>

      <system-out><![CDATA[]]></system-out>

      <system-err><![CDATA[]]></system-err>

  </testsuite>
  <testsuite errors="3" failures="0" hostname="DESKTOP-RO89UOI" id="13" name="DeadlockTest" package="simpledb" skipped="0" tests="3" time="0.091" timestamp="2022-06-22T07:37:34">
      <properties>
[...]
</properties>

      <testcase classname="simpledb.DeadlockTest" name="testReadWriteDeadlock" time="0.04">
          <error message="implement this" type="java.lang.UnsupportedOperationException">java.lang.UnsupportedOperationException: implement this
	at simpledb.storage.HeapFile.getId(HeapFile.java:57)
	at simpledb.common.Utility.createEmptyHeapFile(Utility.java:114)
	at simpledb.TestUtil$CreateHeapFile.setUp(TestUtil.java:386)
	at simpledb.DeadlockTest.setUp(DeadlockTest.java:35)
	at java.base/jdk.internal.reflect.NativeMethodAccessorImpl.invoke0(Native Method)
	at java.base/jdk.internal.reflect.NativeMethodAccessorImpl.invoke(NativeMethodAccessorImpl.java:76)
	at java.base/jdk.internal.reflect.DelegatingMethodAccessorImpl.invoke(DelegatingMethodAccessorImpl.java:51)
</error>

      </testcase>

      <testcase classname="simpledb.DeadlockTest" name="testUpgradeWriteDeadlock" time="0.002">
          <error message="implement this" type="java.lang.UnsupportedOperationException">java.lang.UnsupportedOperationException: implement this
	at simpledb.storage.HeapFile.getId(HeapFile.java:57)
	at simpledb.common.Utility.createEmptyHeapFile(Utility.java:114)
	at simpledb.TestUtil$CreateHeapFile.setUp(TestUtil.java:386)
	at simpledb.DeadlockTest.setUp(DeadlockTest.java:35)
	at java.base/jdk.internal.reflect.NativeMethodAccessorImpl.invoke0(Native Method)
	at java.base/jdk.internal.reflect.NativeMethodAccessorImpl.invoke(NativeMethodAccessorImpl.java:76)
	at java.base/jdk.internal.reflect.DelegatingMethodAccessorImpl.invoke(DelegatingMethodAccessorImpl.java:51)
</error>

      </testcase>

      <testcase classname="simpledb.DeadlockTest" name="testWriteWriteDeadlock" time="0.002">
          <error message="implement this" type="java.lang.UnsupportedOperationException">java.lang.UnsupportedOperationException: implement this
	at simpledb.storage.HeapFile.getId(HeapFile.java:57)
	at simpledb.common.Utility.createEmptyHeapFile(Utility.java:114)
	at simpledb.TestUtil$CreateHeapFile.setUp(TestUtil.java:386)
	at simpledb.DeadlockTest.setUp(DeadlockTest.java:35)
	at java.base/jdk.internal.reflect.NativeMethodAccessorImpl.invoke0(Native Method)
	at java.base/jdk.internal.reflect.NativeMethodAccessorImpl.invoke(NativeMethodAccessorImpl.java:76)
	at java.base/jdk.internal.reflect.DelegatingMethodAccessorImpl.invoke(DelegatingMethodAccessorImpl.java:51)
</error>

      </testcase>

      <system-out><![CDATA[]]></system-out>

      <system-err><![CDATA[]]></system-err>

  </testsuite>
  <testsuite errors="5" failures="1" hostname="DESKTOP-RO89UOI" id="14" name="FilterTest" package="simpledb" skipped="0" tests="6" time="0.062" timestamp="2022-06-22T07:37:34">
      <properties>
[...]
</properties>

      <testcase classname="simpledb.FilterTest" name="getTupleDesc" time="0.007">
          <error message="expected:&lt;&gt; but was:&lt;null&gt;" type="java.lang.AssertionError">java.lang.AssertionError: expected:&lt;&gt; but was:&lt;null&gt;
	at simpledb.FilterTest.getTupleDesc(FilterTest.java:39)
	at java.base/jdk.internal.reflect.NativeMethodAccessorImpl.invoke0(Native Method)
	at java.base/jdk.internal.reflect.NativeMethodAccessorImpl.invoke(NativeMethodAccessorImpl.java:76)
	at java.base/jdk.internal.reflect.DelegatingMethodAccessorImpl.invoke(DelegatingMethodAccessorImpl.java:51)
</error>

      </testcase>

      <testcase classname="simpledb.FilterTest" name="filterSomeLessThan" time="0.001">
          <error message="Operator not yet open" type="java.lang.IllegalStateException">java.lang.IllegalStateException: Operator not yet open
	at simpledb.execution.Operator.hasNext(Operator.java:21)
	at simpledb.TestUtil.compareDbIterators(TestUtil.java:113)
	at simpledb.FilterTest.filterSomeLessThan(FilterTest.java:70)
	at java.base/jdk.internal.reflect.NativeMethodAccessorImpl.invoke0(Native Method)
	at java.base/jdk.internal.reflect.NativeMethodAccessorImpl.invoke(NativeMethodAccessorImpl.java:76)
	at java.base/jdk.internal.reflect.DelegatingMethodAccessorImpl.invoke(DelegatingMethodAccessorImpl.java:51)
</error>

      </testcase>

      <testcase classname="simpledb.FilterTest" name="rewind" time="0.001">
          <error message="Operator not yet open" type="java.lang.IllegalStateException">java.lang.IllegalStateException: Operator not yet open
	at simpledb.execution.Operator.hasNext(Operator.java:21)
	at simpledb.FilterTest.rewind(FilterTest.java:49)
	at java.base/jdk.internal.reflect.NativeMethodAccessorImpl.invoke0(Native Method)
	at java.base/jdk.internal.reflect.NativeMethodAccessorImpl.invoke(NativeMethodAccessorImpl.java:76)
	at java.base/jdk.internal.reflect.DelegatingMethodAccessorImpl.invoke(DelegatingMethodAccessorImpl.java:51)
</error>

      </testcase>

      <testcase classname="simpledb.FilterTest" name="filterEqual" time="0.001">
          <error type="java.util.NoSuchElementException">java.util.NoSuchElementException
	at simpledb.execution.Operator.next(Operator.java:33)
	at simpledb.FilterTest.filterEqual(FilterTest.java:97)
	at java.base/jdk.internal.reflect.NativeMethodAccessorImpl.invoke0(Native Method)
	at java.base/jdk.internal.reflect.NativeMethodAccessorImpl.invoke(NativeMethodAccessorImpl.java:76)
	at java.base/jdk.internal.reflect.DelegatingMethodAccessorImpl.invoke(DelegatingMethodAccessorImpl.java:51)
</error>

      </testcase>

      <testcase classname="simpledb.FilterTest" name="filterEqualNoTuples" time="0.0">
          <error message="Operator not yet open" type="java.lang.IllegalStateException">java.lang.IllegalStateException: Operator not yet open
	at simpledb.execution.Operator.hasNext(Operator.java:21)
	at simpledb.TestUtil.checkExhausted(TestUtil.java:160)
	at simpledb.FilterTest.filterEqualNoTuples(FilterTest.java:125)
	at java.base/jdk.internal.reflect.NativeMethodAccessorImpl.invoke0(Native Method)
	at java.base/jdk.internal.reflect.NativeMethodAccessorImpl.invoke(NativeMethodAccessorImpl.java:76)
	at java.base/jdk.internal.reflect.DelegatingMethodAccessorImpl.invoke(DelegatingMethodAccessorImpl.java:51)
</error>

      </testcase>

      <testcase classname="simpledb.FilterTest" name="filterAllLessThan" time="0.0">
          <error message="Operator not yet open" type="java.lang.IllegalStateException">java.lang.IllegalStateException: Operator not yet open
	at simpledb.execution.Operator.hasNext(Operator.java:21)
	at simpledb.TestUtil.checkExhausted(TestUtil.java:160)
	at simpledb.FilterTest.filterAllLessThan(FilterTest.java:83)
	at java.base/jdk.internal.reflect.NativeMethodAccessorImpl.invoke0(Native Method)
	at java.base/jdk.internal.reflect.NativeMethodAccessorImpl.invoke(NativeMethodAccessorImpl.java:76)
	at java.base/jdk.internal.reflect.DelegatingMethodAccessorImpl.invoke(DelegatingMethodAccessorImpl.java:51)
</error>

      </testcase>

      <system-out><![CDATA[]]></system-out>

      <system-err><![CDATA[]]></system-err>

  </testsuite>
  <testsuite errors="5" failures="1" hostname="DESKTOP-RO89UOI" id="15" name="HeapFileReadTest" package="simpledb" skipped="0" tests="6" time="0.147" timestamp="2022-06-22T07:37:34">
      <properties>
[...]
</properties>

      <testcase classname="simpledb.HeapFileReadTest" name="getTupleDesc" time="0.049">
          <error message="implement this" type="java.lang.UnsupportedOperationException">java.lang.UnsupportedOperationException: implement this
	at simpledb.storage.HeapFile.getTupleDesc(HeapFile.java:67)
	at simpledb.HeapFileReadTest.getTupleDesc(HeapFileReadTest.java:58)
	at java.base/jdk.internal.reflect.NativeMethodAccessorImpl.invoke0(Native Method)
	at java.base/jdk.internal.reflect.NativeMethodAccessorImpl.invoke(NativeMethodAccessorImpl.java:76)
	at java.base/jdk.internal.reflect.DelegatingMethodAccessorImpl.invoke(DelegatingMethodAccessorImpl.java:51)
</error>

      </testcase>

      <testcase classname="simpledb.HeapFileReadTest" name="numPages" time="0.009">
          <error message="expected:&lt;1&gt; but was:&lt;0&gt;" type="java.lang.AssertionError">java.lang.AssertionError: expected:&lt;1&gt; but was:&lt;0&gt;
	at simpledb.HeapFileReadTest.numPages(HeapFileReadTest.java:65)
	at java.base/jdk.internal.reflect.NativeMethodAccessorImpl.invoke0(Native Method)
	at java.base/jdk.internal.reflect.NativeMethodAccessorImpl.invoke(NativeMethodAccessorImpl.java:76)
	at java.base/jdk.internal.reflect.DelegatingMethodAccessorImpl.invoke(DelegatingMethodAccessorImpl.java:51)
</error>

      </testcase>

      <testcase classname="simpledb.HeapFileReadTest" name="readPage" time="0.009">
          <error message="implement this" type="java.lang.UnsupportedOperationException">java.lang.UnsupportedOperationException: implement this
	at simpledb.storage.HeapFile.getId(HeapFile.java:57)
	at simpledb.HeapFileReadTest.readPage(HeapFileReadTest.java:74)
	at java.base/jdk.internal.reflect.NativeMethodAccessorImpl.invoke0(Native Method)
	at java.base/jdk.internal.reflect.NativeMethodAccessorImpl.invoke(NativeMethodAccessorImpl.java:76)
	at java.base/jdk.internal.reflect.DelegatingMethodAccessorImpl.invoke(DelegatingMethodAccessorImpl.java:51)
</error>

      </testcase>

      <testcase classname="simpledb.HeapFileReadTest" name="getId" time="0.007">
          <error message="implement this" type="java.lang.UnsupportedOperationException">java.lang.UnsupportedOperationException: implement this
	at simpledb.storage.HeapFile.getId(HeapFile.java:57)
	at simpledb.HeapFileReadTest.getId(HeapFileReadTest.java:43)
	at java.base/jdk.internal.reflect.NativeMethodAccessorImpl.invoke0(Native Method)
	at java.base/jdk.internal.reflect.NativeMethodAccessorImpl.invoke(NativeMethodAccessorImpl.java:76)
	at java.base/jdk.internal.reflect.DelegatingMethodAccessorImpl.invoke(DelegatingMethodAccessorImpl.java:51)
</error>

      </testcase>

      <testcase classname="simpledb.HeapFileReadTest" name="testIteratorBasic" time="0.012">
          <error message="Cannot invoke &quot;simpledb.storage.DbFileIterator.hasNext()&quot; because &quot;it&quot; is null" type="java.lang.NullPointerException">java.lang.NullPointerException: Cannot invoke &quot;simpledb.storage.DbFileIterator.hasNext()&quot; because &quot;it&quot; is null
	at simpledb.HeapFileReadTest.testIteratorBasic(HeapFileReadTest.java:91)
	at java.base/jdk.internal.reflect.NativeMethodAccessorImpl.invoke0(Native Method)
	at java.base/jdk.internal.reflect.NativeMethodAccessorImpl.invoke(NativeMethodAccessorImpl.java:76)
	at java.base/jdk.internal.reflect.DelegatingMethodAccessorImpl.invoke(DelegatingMethodAccessorImpl.java:51)
</error>

      </testcase>

      <testcase classname="simpledb.HeapFileReadTest" name="testIteratorClose" time="0.012">
          <error message="Cannot invoke &quot;simpledb.storage.DbFileIterator.open()&quot; because &quot;it&quot; is null" type="java.lang.NullPointerException">java.lang.NullPointerException: Cannot invoke &quot;simpledb.storage.DbFileIterator.open()&quot; because &quot;it&quot; is null
	at simpledb.HeapFileReadTest.testIteratorClose(HeapFileReadTest.java:116)
	at java.base/jdk.internal.reflect.NativeMethodAccessorImpl.invoke0(Native Method)
	at java.base/jdk.internal.reflect.NativeMethodAccessorImpl.invoke(NativeMethodAccessorImpl.java:76)
	at java.base/jdk.internal.reflect.DelegatingMethodAccessorImpl.invoke(DelegatingMethodAccessorImpl.java:51)
</error>

      </testcase>

      <system-out><![CDATA[]]></system-out>

      <system-err><![CDATA[]]></system-err>

  </testsuite>
  <testsuite errors="2" failures="0" hostname="DESKTOP-RO89UOI" id="16" name="HeapFileWriteTest" package="simpledb" skipped="0" tests="2" time="0.098" timestamp="2022-06-22T07:37:35">
      <properties>
[...]
</properties>

      <testcase classname="simpledb.HeapFileWriteTest" name="addTuple" time="0.046">
          <error message="implement this" type="java.lang.UnsupportedOperationException">java.lang.UnsupportedOperationException: implement this
	at simpledb.storage.HeapFile.getId(HeapFile.java:57)
	at simpledb.common.Utility.createEmptyHeapFile(Utility.java:114)
	at simpledb.TestUtil$CreateHeapFile.setUp(TestUtil.java:386)
	at simpledb.HeapFileWriteTest.setUp(HeapFileWriteTest.java:24)
	at java.base/jdk.internal.reflect.NativeMethodAccessorImpl.invoke0(Native Method)
	at java.base/jdk.internal.reflect.NativeMethodAccessorImpl.invoke(NativeMethodAccessorImpl.java:76)
	at java.base/jdk.internal.reflect.DelegatingMethodAccessorImpl.invoke(DelegatingMethodAccessorImpl.java:51)
</error>

      </testcase>

      <testcase classname="simpledb.HeapFileWriteTest" name="testAlternateEmptyAndFullPagesThenIterate" time="0.002">
          <error message="implement this" type="java.lang.UnsupportedOperationException">java.lang.UnsupportedOperationException: implement this
	at simpledb.storage.HeapFile.getId(HeapFile.java:57)
	at simpledb.common.Utility.createEmptyHeapFile(Utility.java:114)
	at simpledb.TestUtil$CreateHeapFile.setUp(TestUtil.java:386)
	at simpledb.HeapFileWriteTest.setUp(HeapFileWriteTest.java:24)
	at java.base/jdk.internal.reflect.NativeMethodAccessorImpl.invoke0(Native Method)
	at java.base/jdk.internal.reflect.NativeMethodAccessorImpl.invoke(NativeMethodAccessorImpl.java:76)
	at java.base/jdk.internal.reflect.DelegatingMethodAccessorImpl.invoke(DelegatingMethodAccessorImpl.java:51)
</error>

      </testcase>

      <system-out><![CDATA[]]></system-out>

      <system-err><![CDATA[]]></system-err>

  </testsuite>
  <testsuite errors="2" failures="2" hostname="DESKTOP-RO89UOI" id="17" name="HeapPageIdTest" package="simpledb" skipped="0" tests="4" time="0.066" timestamp="2022-06-22T07:37:35">
      <properties>
[...]
</properties>

      <testcase classname="simpledb.HeapPageIdTest" name="equals" time="0.007">
          <error message="implement this" type="java.lang.UnsupportedOperationException">java.lang.UnsupportedOperationException: implement this
	at simpledb.storage.HeapPageId.hashCode(HeapPageId.java:40)
	at java.base/java.lang.Object.toString(Object.java:256)
	at java.base/java.lang.String.valueOf(String.java:4210)
	at simpledb.HeapPageIdTest.equals(HeapPageIdTest.java:68)
	at java.base/jdk.internal.reflect.NativeMethodAccessorImpl.invoke0(Native Method)
	at java.base/jdk.internal.reflect.NativeMethodAccessorImpl.invoke(NativeMethodAccessorImpl.java:76)
	at java.base/jdk.internal.reflect.DelegatingMethodAccessorImpl.invoke(DelegatingMethodAccessorImpl.java:51)
</error>

      </testcase>

      <testcase classname="simpledb.HeapPageIdTest" name="pageno" time="0.001">
          <error message="expected:&lt;1&gt; but was:&lt;0&gt;" type="java.lang.AssertionError">java.lang.AssertionError: expected:&lt;1&gt; but was:&lt;0&gt;
	at simpledb.HeapPageIdTest.pageno(HeapPageIdTest.java:32)
	at java.base/jdk.internal.reflect.NativeMethodAccessorImpl.invoke0(Native Method)
	at java.base/jdk.internal.reflect.NativeMethodAccessorImpl.invoke(NativeMethodAccessorImpl.java:76)
	at java.base/jdk.internal.reflect.DelegatingMethodAccessorImpl.invoke(DelegatingMethodAccessorImpl.java:51)
</error>

      </testcase>

      <testcase classname="simpledb.HeapPageIdTest" name="getTableId" time="0.001">
          <error message="expected:&lt;1&gt; but was:&lt;0&gt;" type="java.lang.AssertionError">java.lang.AssertionError: expected:&lt;1&gt; but was:&lt;0&gt;
	at simpledb.HeapPageIdTest.getTableId(HeapPageIdTest.java:25)
	at java.base/jdk.internal.reflect.NativeMethodAccessorImpl.invoke0(Native Method)
	at java.base/jdk.internal.reflect.NativeMethodAccessorImpl.invoke(NativeMethodAccessorImpl.java:76)
	at java.base/jdk.internal.reflect.DelegatingMethodAccessorImpl.invoke(DelegatingMethodAccessorImpl.java:51)
</error>

      </testcase>

      <testcase classname="simpledb.HeapPageIdTest" name="testHashCode" time="0.001">
          <error message="implement this" type="java.lang.UnsupportedOperationException">java.lang.UnsupportedOperationException: implement this
	at simpledb.storage.HeapPageId.hashCode(HeapPageId.java:40)
	at simpledb.HeapPageIdTest.testHashCode(HeapPageIdTest.java:44)
	at java.base/jdk.internal.reflect.NativeMethodAccessorImpl.invoke0(Native Method)
	at java.base/jdk.internal.reflect.NativeMethodAccessorImpl.invoke(NativeMethodAccessorImpl.java:76)
	at java.base/jdk.internal.reflect.DelegatingMethodAccessorImpl.invoke(DelegatingMethodAccessorImpl.java:51)
</error>

      </testcase>

      <system-out><![CDATA[]]></system-out>

      <system-err><![CDATA[]]></system-err>

  </testsuite>
  <testsuite errors="4" failures="0" hostname="DESKTOP-RO89UOI" id="18" name="HeapPageReadTest" package="simpledb" skipped="0" tests="4" time="0.058" timestamp="2022-06-22T07:37:35">
      <properties>
[...]
</properties>

      <testcase classname="simpledb.HeapPageReadTest" name="getSlot" time="0.008">
          <error message="Cannot invoke &quot;simpledb.storage.TupleDesc.getSize()&quot; because &quot;this.td&quot; is null" type="java.lang.NullPointerException">java.lang.NullPointerException: Cannot invoke &quot;simpledb.storage.TupleDesc.getSize()&quot; because &quot;this.td&quot; is null
	at simpledb.storage.HeapPage.getPageData(HeapPage.java:213)
	at simpledb.storage.HeapPage.setBeforeImage(HeapPage.java:112)
	at simpledb.storage.HeapPage.&lt;init&gt;(HeapPage.java:68)
	at simpledb.HeapPageReadTest.getSlot(HeapPageReadTest.java:117)
	at java.base/jdk.internal.reflect.NativeMethodAccessorImpl.invoke0(Native Method)
	at java.base/jdk.internal.reflect.NativeMethodAccessorImpl.invoke(NativeMethodAccessorImpl.java:76)
	at java.base/jdk.internal.reflect.DelegatingMethodAccessorImpl.invoke(DelegatingMethodAccessorImpl.java:51)
</error>

      </testcase>

      <testcase classname="simpledb.HeapPageReadTest" name="getId" time="0.002">
          <error message="Cannot invoke &quot;simpledb.storage.TupleDesc.getSize()&quot; because &quot;this.td&quot; is null" type="java.lang.NullPointerException">java.lang.NullPointerException: Cannot invoke &quot;simpledb.storage.TupleDesc.getSize()&quot; because &quot;this.td&quot; is null
	at simpledb.storage.HeapPage.getPageData(HeapPage.java:213)
	at simpledb.storage.HeapPage.setBeforeImage(HeapPage.java:112)
	at simpledb.storage.HeapPage.&lt;init&gt;(HeapPage.java:68)
	at simpledb.HeapPageReadTest.getId(HeapPageReadTest.java:82)
	at java.base/jdk.internal.reflect.NativeMethodAccessorImpl.invoke0(Native Method)
	at java.base/jdk.internal.reflect.NativeMethodAccessorImpl.invoke(NativeMethodAccessorImpl.java:76)
	at java.base/jdk.internal.reflect.DelegatingMethodAccessorImpl.invoke(DelegatingMethodAccessorImpl.java:51)
</error>

      </testcase>

      <testcase classname="simpledb.HeapPageReadTest" name="getNumEmptySlots" time="0.001">
          <error message="Cannot invoke &quot;simpledb.storage.TupleDesc.getSize()&quot; because &quot;this.td&quot; is null" type="java.lang.NullPointerException">java.lang.NullPointerException: Cannot invoke &quot;simpledb.storage.TupleDesc.getSize()&quot; because &quot;this.td&quot; is null
	at simpledb.storage.HeapPage.getPageData(HeapPage.java:213)
	at simpledb.storage.HeapPage.setBeforeImage(HeapPage.java:112)
	at simpledb.storage.HeapPage.&lt;init&gt;(HeapPage.java:68)
	at simpledb.HeapPageReadTest.getNumEmptySlots(HeapPageReadTest.java:109)
	at java.base/jdk.internal.reflect.NativeMethodAccessorImpl.invoke0(Native Method)
	at java.base/jdk.internal.reflect.NativeMethodAccessorImpl.invoke(NativeMethodAccessorImpl.java:76)
	at java.base/jdk.internal.reflect.DelegatingMethodAccessorImpl.invoke(DelegatingMethodAccessorImpl.java:51)
</error>

      </testcase>

      <testcase classname="simpledb.HeapPageReadTest" name="testIterator" time="0.001">
          <error message="Cannot invoke &quot;simpledb.storage.TupleDesc.getSize()&quot; because &quot;this.td&quot; is null" type="java.lang.NullPointerException">java.lang.NullPointerException: Cannot invoke &quot;simpledb.storage.TupleDesc.getSize()&quot; because &quot;this.td&quot; is null
	at simpledb.storage.HeapPage.getPageData(HeapPage.java:213)
	at simpledb.storage.HeapPage.setBeforeImage(HeapPage.java:112)
	at simpledb.storage.HeapPage.&lt;init&gt;(HeapPage.java:68)
	at simpledb.HeapPageReadTest.testIterator(HeapPageReadTest.java:90)
	at java.base/jdk.internal.reflect.NativeMethodAccessorImpl.invoke0(Native Method)
	at java.base/jdk.internal.reflect.NativeMethodAccessorImpl.invoke(NativeMethodAccessorImpl.java:76)
	at java.base/jdk.internal.reflect.DelegatingMethodAccessorImpl.invoke(DelegatingMethodAccessorImpl.java:51)
</error>

      </testcase>

      <system-out><![CDATA[]]></system-out>

      <system-err><![CDATA[]]></system-err>

  </testsuite>
  <testsuite errors="4" failures="0" hostname="DESKTOP-RO89UOI" id="19" name="HeapPageWriteTest" package="simpledb" skipped="0" tests="4" time="0.106" timestamp="2022-06-22T07:37:36">
      <properties>
[...]
</properties>

      <testcase classname="simpledb.HeapPageWriteTest" name="addTuple" time="0.052">
          <error message="Cannot invoke &quot;simpledb.storage.TupleDesc.getSize()&quot; because &quot;this.td&quot; is null" type="java.lang.NullPointerException">java.lang.NullPointerException: Cannot invoke &quot;simpledb.storage.TupleDesc.getSize()&quot; because &quot;this.td&quot; is null
	at simpledb.storage.HeapPage.getPageData(HeapPage.java:213)
	at simpledb.storage.HeapPage.setBeforeImage(HeapPage.java:112)
	at simpledb.storage.HeapPage.&lt;init&gt;(HeapPage.java:68)
	at simpledb.HeapPageWriteTest.addTuple(HeapPageWriteTest.java:56)
	at java.base/jdk.internal.reflect.NativeMethodAccessorImpl.invoke0(Native Method)
	at java.base/jdk.internal.reflect.NativeMethodAccessorImpl.invoke(NativeMethodAccessorImpl.java:76)
	at java.base/jdk.internal.reflect.DelegatingMethodAccessorImpl.invoke(DelegatingMethodAccessorImpl.java:51)
</error>

      </testcase>

      <testcase classname="simpledb.HeapPageWriteTest" name="testDirty" time="0.001">
          <error message="Cannot invoke &quot;simpledb.storage.TupleDesc.getSize()&quot; because &quot;this.td&quot; is null" type="java.lang.NullPointerException">java.lang.NullPointerException: Cannot invoke &quot;simpledb.storage.TupleDesc.getSize()&quot; because &quot;this.td&quot; is null
	at simpledb.storage.HeapPage.getPageData(HeapPage.java:213)
	at simpledb.storage.HeapPage.setBeforeImage(HeapPage.java:112)
	at simpledb.storage.HeapPage.&lt;init&gt;(HeapPage.java:68)
	at simpledb.HeapPageWriteTest.testDirty(HeapPageWriteTest.java:41)
	at java.base/jdk.internal.reflect.NativeMethodAccessorImpl.invoke0(Native Method)
	at java.base/jdk.internal.reflect.NativeMethodAccessorImpl.invoke(NativeMethodAccessorImpl.java:76)
	at java.base/jdk.internal.reflect.DelegatingMethodAccessorImpl.invoke(DelegatingMethodAccessorImpl.java:51)
</error>

      </testcase>

      <testcase classname="simpledb.HeapPageWriteTest" name="deleteTuple" time="0.002">
          <error message="Cannot invoke &quot;simpledb.storage.TupleDesc.getSize()&quot; because &quot;this.td&quot; is null" type="java.lang.NullPointerException">java.lang.NullPointerException: Cannot invoke &quot;simpledb.storage.TupleDesc.getSize()&quot; because &quot;this.td&quot; is null
	at simpledb.storage.HeapPage.getPageData(HeapPage.java:213)
	at simpledb.storage.HeapPage.setBeforeImage(HeapPage.java:112)
	at simpledb.storage.HeapPage.&lt;init&gt;(HeapPage.java:68)
	at simpledb.HeapPageWriteTest.deleteTuple(HeapPageWriteTest.java:106)
	at java.base/jdk.internal.reflect.NativeMethodAccessorImpl.invoke0(Native Method)
	at java.base/jdk.internal.reflect.NativeMethodAccessorImpl.invoke(NativeMethodAccessorImpl.java:76)
	at java.base/jdk.internal.reflect.DelegatingMethodAccessorImpl.invoke(DelegatingMethodAccessorImpl.java:51)
</error>

      </testcase>

      <testcase classname="simpledb.HeapPageWriteTest" name="deleteNonexistentTuple" time="0.002">
          <error message="Unexpected exception, expected&lt;simpledb.common.DbException&gt; but was&lt;java.lang.NullPointerException&gt;" type="java.lang.Exception">java.lang.Exception: Unexpected exception, expected&lt;simpledb.common.DbException&gt; but was&lt;java.lang.NullPointerException&gt;
Caused by: java.lang.NullPointerException: Cannot invoke &quot;simpledb.storage.TupleDesc.getSize()&quot; because &quot;this.td&quot; is null
	at simpledb.storage.HeapPage.getPageData(HeapPage.java:213)
	at simpledb.storage.HeapPage.setBeforeImage(HeapPage.java:112)
	at simpledb.storage.HeapPage.&lt;init&gt;(HeapPage.java:68)
	at simpledb.HeapPageWriteTest.deleteNonexistentTuple(HeapPageWriteTest.java:98)
	at java.base/jdk.internal.reflect.NativeMethodAccessorImpl.invoke0(Native Method)
	at java.base/jdk.internal.reflect.NativeMethodAccessorImpl.invoke(NativeMethodAccessorImpl.java:76)
	at java.base/jdk.internal.reflect.DelegatingMethodAccessorImpl.invoke(DelegatingMethodAccessorImpl.java:51)
</error>

      </testcase>

      <system-out><![CDATA[]]></system-out>

      <system-err><![CDATA[]]></system-err>

  </testsuite>
  <testsuite errors="2" failures="0" hostname="DESKTOP-RO89UOI" id="20" name="InsertTest" package="simpledb" skipped="0" tests="2" time="0.089" timestamp="2022-06-22T07:37:36">
      <properties>
[...]
</properties>

      <testcase classname="simpledb.InsertTest" name="getTupleDesc" time="0.04">
          <error message="implement this" type="java.lang.UnsupportedOperationException">java.lang.UnsupportedOperationException: implement this
	at simpledb.storage.HeapFile.getId(HeapFile.java:57)
	at simpledb.common.Utility.createEmptyHeapFile(Utility.java:114)
[...]
	at simpledb.storage.HeapFile.getId(HeapFile.java:57)
	at simpledb.systemtest.JoinTest.validateJoin(JoinTest.java:55)
	at simpledb.systemtest.JoinTest.testNoMatch(JoinTest.java:74)
	at java.base/jdk.internal.reflect.NativeMethodAccessorImpl.invoke0(Native Method)
	at java.base/jdk.internal.reflect.NativeMethodAccessorImpl.invoke(NativeMethodAccessorImpl.java:76)
	at java.base/jdk.internal.reflect.DelegatingMethodAccessorImpl.invoke(DelegatingMethodAccessorImpl.java:51)
</error>

      </testcase>

      <testcase classname="simpledb.systemtest.JoinTest" name="testSingleMatch" time="0.012">
          <error message="implement this" type="java.lang.UnsupportedOperationException">java.lang.UnsupportedOperationException: implement this
	at simpledb.storage.HeapFile.getId(HeapFile.java:57)
	at simpledb.systemtest.JoinTest.validateJoin(JoinTest.java:55)
	at simpledb.systemtest.JoinTest.testSingleMatch(JoinTest.java:69)
	at java.base/jdk.internal.reflect.NativeMethodAccessorImpl.invoke0(Native Method)
	at java.base/jdk.internal.reflect.NativeMethodAccessorImpl.invoke(NativeMethodAccessorImpl.java:76)
	at java.base/jdk.internal.reflect.DelegatingMethodAccessorImpl.invoke(DelegatingMethodAccessorImpl.java:51)
</error>

      </testcase>

      <system-out><![CDATA[]]></system-out>

      <system-err><![CDATA[]]></system-err>

  </testsuite>
  <testsuite errors="10" failures="0" hostname="DESKTOP-RO89UOI" id="45" name="LogTest" package="simpledb.systemtest" skipped="0" tests="10" time="0.117" timestamp="2022-06-22T07:37:46">
      <properties>
[...]
</properties>

      <testcase classname="simpledb.systemtest.LogTest" name="TestCommitAbortCommitCrash" time="0.042">
          <error message="implement this" type="java.lang.UnsupportedOperationException">java.lang.UnsupportedOperationException: implement this
	at simpledb.storage.HeapFile.getId(HeapFile.java:57)
	at simpledb.common.Utility.createEmptyHeapFile(Utility.java:114)
	at simpledb.systemtest.LogTest.setup(LogTest.java:133)
	at simpledb.systemtest.LogTest.TestCommitAbortCommitCrash(LogTest.java:285)
	at java.base/jdk.internal.reflect.NativeMethodAccessorImpl.invoke0(Native Method)
	at java.base/jdk.internal.reflect.NativeMethodAccessorImpl.invoke(NativeMethodAccessorImpl.java:76)
	at java.base/jdk.internal.reflect.DelegatingMethodAccessorImpl.invoke(DelegatingMethodAccessorImpl.java:51)
</error>

      </testcase>

      <testcase classname="simpledb.systemtest.LogTest" name="TestOpenCrash" time="0.002">
          <error message="implement this" type="java.lang.UnsupportedOperationException">java.lang.UnsupportedOperationException: implement this
	at simpledb.storage.HeapFile.getId(HeapFile.java:57)
	at simpledb.common.Utility.createEmptyHeapFile(Utility.java:114)
	at simpledb.systemtest.LogTest.setup(LogTest.java:133)
	at simpledb.systemtest.LogTest.TestOpenCrash(LogTest.java:325)
	at java.base/jdk.internal.reflect.NativeMethodAccessorImpl.invoke0(Native Method)
	at java.base/jdk.internal.reflect.NativeMethodAccessorImpl.invoke(NativeMethodAccessorImpl.java:76)
	at java.base/jdk.internal.reflect.DelegatingMethodAccessorImpl.invoke(DelegatingMethodAccessorImpl.java:51)
</error>

      </testcase>

      <testcase classname="simpledb.systemtest.LogTest" name="TestFlushAll" time="0.001">
          <error message="implement this" type="java.lang.UnsupportedOperationException">java.lang.UnsupportedOperationException: implement this
	at simpledb.storage.HeapFile.getId(HeapFile.java:57)
	at simpledb.common.Utility.createEmptyHeapFile(Utility.java:114)
	at simpledb.systemtest.LogTest.setup(LogTest.java:133)
	at simpledb.systemtest.LogTest.TestFlushAll(LogTest.java:165)
	at java.base/jdk.internal.reflect.NativeMethodAccessorImpl.invoke0(Native Method)
	at java.base/jdk.internal.reflect.NativeMethodAccessorImpl.invoke(NativeMethodAccessorImpl.java:76)
	at java.base/jdk.internal.reflect.DelegatingMethodAccessorImpl.invoke(DelegatingMethodAccessorImpl.java:51)
</error>

      </testcase>

      <testcase classname="simpledb.systemtest.LogTest" name="TestCommitCrash" time="0.002">
          <error message="implement this" type="java.lang.UnsupportedOperationException">java.lang.UnsupportedOperationException: implement this
	at simpledb.storage.HeapFile.getId(HeapFile.java:57)
	at simpledb.common.Utility.createEmptyHeapFile(Utility.java:114)
	at simpledb.systemtest.LogTest.setup(LogTest.java:133)
	at simpledb.systemtest.LogTest.TestCommitCrash(LogTest.java:184)
	at java.base/jdk.internal.reflect.NativeMethodAccessorImpl.invoke0(Native Method)
	at java.base/jdk.internal.reflect.NativeMethodAccessorImpl.invoke(NativeMethodAccessorImpl.java:76)
	at java.base/jdk.internal.reflect.DelegatingMethodAccessorImpl.invoke(DelegatingMethodAccessorImpl.java:51)
</error>

      </testcase>

      <testcase classname="simpledb.systemtest.LogTest" name="TestOpenCommitOpenCrash" time="0.001">
          <error message="implement this" type="java.lang.UnsupportedOperationException">java.lang.UnsupportedOperationException: implement this
	at simpledb.storage.HeapFile.getId(HeapFile.java:57)
	at simpledb.common.Utility.createEmptyHeapFile(Utility.java:114)
	at simpledb.systemtest.LogTest.setup(LogTest.java:133)
	at simpledb.systemtest.LogTest.TestOpenCommitOpenCrash(LogTest.java:351)
	at java.base/jdk.internal.reflect.NativeMethodAccessorImpl.invoke0(Native Method)
	at java.base/jdk.internal.reflect.NativeMethodAccessorImpl.invoke(NativeMethodAccessorImpl.java:76)
	at java.base/jdk.internal.reflect.DelegatingMethodAccessorImpl.invoke(DelegatingMethodAccessorImpl.java:51)
</error>

      </testcase>

      <testcase classname="simpledb.systemtest.LogTest" name="TestAbort" time="0.001">
          <error message="implement this" type="java.lang.UnsupportedOperationException">java.lang.UnsupportedOperationException: implement this
	at simpledb.storage.HeapFile.getId(HeapFile.java:57)
	at simpledb.common.Utility.createEmptyHeapFile(Utility.java:114)
	at simpledb.systemtest.LogTest.setup(LogTest.java:133)
	at simpledb.systemtest.LogTest.TestAbort(LogTest.java:203)
	at java.base/jdk.internal.reflect.NativeMethodAccessorImpl.invoke0(Native Method)
	at java.base/jdk.internal.reflect.NativeMethodAccessorImpl.invoke(NativeMethodAccessorImpl.java:76)
	at java.base/jdk.internal.reflect.DelegatingMethodAccessorImpl.invoke(DelegatingMethodAccessorImpl.java:51)
</error>

      </testcase>

      <testcase classname="simpledb.systemtest.LogTest" name="TestAbortCommitInterleaved" time="0.002">
          <error message="implement this" type="java.lang.UnsupportedOperationException">java.lang.UnsupportedOperationException: implement this
	at simpledb.storage.HeapFile.getId(HeapFile.java:57)
	at simpledb.common.Utility.createEmptyHeapFile(Utility.java:114)
	at simpledb.systemtest.LogTest.setup(LogTest.java:133)
	at simpledb.systemtest.LogTest.TestAbortCommitInterleaved(LogTest.java:223)
	at java.base/jdk.internal.reflect.NativeMethodAccessorImpl.invoke0(Native Method)
	at java.base/jdk.internal.reflect.NativeMethodAccessorImpl.invoke(NativeMethodAccessorImpl.java:76)
	at java.base/jdk.internal.reflect.DelegatingMethodAccessorImpl.invoke(DelegatingMethodAccessorImpl.java:51)
</error>

      </testcase>

      <testcase classname="simpledb.systemtest.LogTest" name="TestOpenCommitCheckpointOpenCrash" time="0.001">
          <error message="implement this" type="java.lang.UnsupportedOperationException">java.lang.UnsupportedOperationException: implement this
	at simpledb.storage.HeapFile.getId(HeapFile.java:57)
	at simpledb.common.Utility.createEmptyHeapFile(Utility.java:114)
	at simpledb.systemtest.LogTest.setup(LogTest.java:133)
	at simpledb.systemtest.LogTest.TestOpenCommitCheckpointOpenCrash(LogTest.java:392)
	at java.base/jdk.internal.reflect.NativeMethodAccessorImpl.invoke0(Native Method)
	at java.base/jdk.internal.reflect.NativeMethodAccessorImpl.invoke(NativeMethodAccessorImpl.java:76)
	at java.base/jdk.internal.reflect.DelegatingMethodAccessorImpl.invoke(DelegatingMethodAccessorImpl.java:51)
</error>

      </testcase>

      <testcase classname="simpledb.systemtest.LogTest" name="TestAbortCrash" time="0.001">
          <error message="implement this" type="java.lang.UnsupportedOperationException">java.lang.UnsupportedOperationException: implement this
	at simpledb.storage.HeapFile.getId(HeapFile.java:57)
	at simpledb.common.Utility.createEmptyHeapFile(Utility.java:114)
	at simpledb.systemtest.LogTest.setup(LogTest.java:133)
	at simpledb.systemtest.LogTest.TestAbortCrash(LogTest.java:256)
	at java.base/jdk.internal.reflect.NativeMethodAccessorImpl.invoke0(Native Method)
	at java.base/jdk.internal.reflect.NativeMethodAccessorImpl.invoke(NativeMethodAccessorImpl.java:76)
	at java.base/jdk.internal.reflect.DelegatingMethodAccessorImpl.invoke(DelegatingMethodAccessorImpl.java:51)
</error>

      </testcase>

      <testcase classname="simpledb.systemtest.LogTest" name="PatchTest" time="0.001">
          <error message="implement this" type="java.lang.UnsupportedOperationException">java.lang.UnsupportedOperationException: implement this
	at simpledb.storage.HeapFile.getId(HeapFile.java:57)
	at simpledb.common.Utility.createEmptyHeapFile(Utility.java:114)
	at simpledb.systemtest.LogTest.setup(LogTest.java:133)
	at simpledb.systemtest.LogTest.PatchTest(LogTest.java:139)
	at java.base/jdk.internal.reflect.NativeMethodAccessorImpl.invoke0(Native Method)
	at java.base/jdk.internal.reflect.NativeMethodAccessorImpl.invoke(NativeMethodAccessorImpl.java:76)
	at java.base/jdk.internal.reflect.DelegatingMethodAccessorImpl.invoke(DelegatingMethodAccessorImpl.java:51)
</error>

      </testcase>

      <system-out><![CDATA[]]></system-out>

      <system-err><![CDATA[]]></system-err>

  </testsuite>
  <testsuite errors="0" failures="0" hostname="DESKTOP-RO89UOI" id="46" name="QueryTest" package="simpledb.systemtest" skipped="0" tests="1" time="0.508" timestamp="2022-06-22T07:37:46">
      <properties>
[...]
</properties>

      <testcase classname="simpledb.systemtest.QueryTest" name="queryTest" time="0.453" />

      <system-out><![CDATA[Started a new transaction tid = 1
Added scan of table emp
Added scan of table dept
Added scan of table hobbies
Added scan of table hobby
Added join between emp.c1 and dept.c0
Added join between hobbies.c0 and emp.c2
Added join between hobbies.c1 and hobby.c0
Added select list field null.*
Transaction 1 aborted because of unhandled error
]]></system-out>

      <system-err><![CDATA[simpledb.common.DbException: Cannot invoke "simpledb.storage.DbFile.getId()" because the return value of "simpledb.common.Catalog.getDatabaseFile(int)" is null
	at simpledb.Parser.processNextStatement(Parser.java:550)
	at simpledb.Parser.processNextStatement(Parser.java:493)
	at simpledb.systemtest.QueryTest.queryTest(QueryTest.java:81)
	at java.base/jdk.internal.reflect.NativeMethodAccessorImpl.invoke0(Native Method)
	at java.base/jdk.internal.reflect.NativeMethodAccessorImpl.invoke(NativeMethodAccessorImpl.java:76)
	at java.base/jdk.internal.reflect.DelegatingMethodAccessorImpl.invoke(DelegatingMethodAccessorImpl.java:51)
	at java.base/java.lang.reflect.Method.invoke(Method.java:569)
	at org.junit.runners.model.FrameworkMethod$1.runReflectiveCall(FrameworkMethod.java:59)
	at org.junit.internal.runners.model.ReflectiveCallable.run(ReflectiveCallable.java:12)
	at org.junit.runners.model.FrameworkMethod.invokeExplosively(FrameworkMethod.java:56)
	at org.junit.internal.runners.statements.InvokeMethod.evaluate(InvokeMethod.java:17)
	at org.junit.internal.runners.statements.FailOnTimeout$CallableStatement.call(FailOnTimeout.java:288)
	at org.junit.internal.runners.statements.FailOnTimeout$CallableStatement.call(FailOnTimeout.java:282)
	at java.base/java.util.concurrent.FutureTask.run(FutureTask.java:264)
	at java.base/java.lang.Thread.run(Thread.java:833)
]]></system-err>

  </testsuite>
  <testsuite errors="4" failures="0" hostname="DESKTOP-RO89UOI" id="47" name="ScanTest" package="simpledb.systemtest" skipped="0" tests="4" time="0.319" timestamp="2022-06-22T07:37:47">
      <properties>
[...]
</properties>

      <testcase classname="simpledb.systemtest.ScanTest" name="testTupleDesc" time="0.119">
          <error message="implement this" type="java.lang.UnsupportedOperationException">java.lang.UnsupportedOperationException: implement this
	at simpledb.storage.HeapFile.getId(HeapFile.java:57)
	at simpledb.systemtest.ScanTest.testTupleDesc(ScanTest.java:122)
	at java.base/jdk.internal.reflect.NativeMethodAccessorImpl.invoke0(Native Method)
	at java.base/jdk.internal.reflect.NativeMethodAccessorImpl.invoke(NativeMethodAccessorImpl.java:76)
	at java.base/jdk.internal.reflect.DelegatingMethodAccessorImpl.invoke(DelegatingMethodAccessorImpl.java:51)
</error>

      </testcase>

      <testcase classname="simpledb.systemtest.ScanTest" name="testCache" time="0.044">
          <error message="implement this" type="java.lang.UnsupportedOperationException">java.lang.UnsupportedOperationException: implement this
	at simpledb.storage.HeapFile.getId(HeapFile.java:57)
	at simpledb.systemtest.SystemTestUtil.matchTuples(SystemTestUtil.java:111)
	at simpledb.systemtest.SystemTestUtil.matchTuples(SystemTestUtil.java:105)
	at simpledb.systemtest.ScanTest.testCache(ScanTest.java:104)
	at java.base/jdk.internal.reflect.NativeMethodAccessorImpl.invoke0(Native Method)
	at java.base/jdk.internal.reflect.NativeMethodAccessorImpl.invoke(NativeMethodAccessorImpl.java:76)
	at java.base/jdk.internal.reflect.DelegatingMethodAccessorImpl.invoke(DelegatingMethodAccessorImpl.java:51)
</error>

      </testcase>

      <testcase classname="simpledb.systemtest.ScanTest" name="testSmall" time="0.004">
          <error message="implement this" type="java.lang.UnsupportedOperationException">java.lang.UnsupportedOperationException: implement this
	at simpledb.storage.HeapFile.getId(HeapFile.java:57)
	at simpledb.systemtest.SystemTestUtil.matchTuples(SystemTestUtil.java:111)
	at simpledb.systemtest.SystemTestUtil.matchTuples(SystemTestUtil.java:105)
	at simpledb.systemtest.ScanTest.validateScan(ScanTest.java:38)
	at simpledb.systemtest.ScanTest.testSmall(ScanTest.java:49)
	at java.base/jdk.internal.reflect.NativeMethodAccessorImpl.invoke0(Native Method)
	at java.base/jdk.internal.reflect.NativeMethodAccessorImpl.invoke(NativeMethodAccessorImpl.java:76)
	at java.base/jdk.internal.reflect.DelegatingMethodAccessorImpl.invoke(DelegatingMethodAccessorImpl.java:51)
</error>

      </testcase>

      <testcase classname="simpledb.systemtest.ScanTest" name="testRewind" time="0.011">
          <error message="implement this" type="java.lang.UnsupportedOperationException">java.lang.UnsupportedOperationException: implement this
	at simpledb.storage.HeapFile.getId(HeapFile.java:57)
	at simpledb.systemtest.ScanTest.testRewind(ScanTest.java:58)
	at java.base/jdk.internal.reflect.NativeMethodAccessorImpl.invoke0(Native Method)
	at java.base/jdk.internal.reflect.NativeMethodAccessorImpl.invoke(NativeMethodAccessorImpl.java:76)
	at java.base/jdk.internal.reflect.DelegatingMethodAccessorImpl.invoke(DelegatingMethodAccessorImpl.java:51)
</error>

      </testcase>

      <system-out><![CDATA[]]></system-out>

      <system-err><![CDATA[]]></system-err>

  </testsuite>
  <testsuite errors="5" failures="0" hostname="DESKTOP-RO89UOI" id="48" name="TransactionTest" package="simpledb.systemtest" skipped="0" tests="5" time="0.28" timestamp="2022-06-22T07:37:48">
      <properties>
[...]
</properties>

      <testcase classname="simpledb.systemtest.TransactionTest" name="testTwoThreads" time="0.104">
          <error message="implement this" type="java.lang.UnsupportedOperationException">java.lang.UnsupportedOperationException: implement this
	at simpledb.storage.HeapFile.getId(HeapFile.java:57)
	at simpledb.systemtest.TransactionTest.validateTransactions(TransactionTest.java:45)
	at simpledb.systemtest.TransactionTest.testTwoThreads(TransactionTest.java:224)
	at java.base/jdk.internal.reflect.NativeMethodAccessorImpl.invoke0(Native Method)
	at java.base/jdk.internal.reflect.NativeMethodAccessorImpl.invoke(NativeMethodAccessorImpl.java:76)
	at java.base/jdk.internal.reflect.DelegatingMethodAccessorImpl.invoke(DelegatingMethodAccessorImpl.java:51)
</error>

      </testcase>

      <testcase classname="simpledb.systemtest.TransactionTest" name="testAllDirtyFails" time="0.047">
          <error message="Cannot invoke &quot;simpledb.storage.TupleDesc.equals(Object)&quot; because the return value of &quot;simpledb.storage.Tuple.getTupleDesc()&quot; is null" type="java.lang.NullPointerException">java.lang.NullPointerException: Cannot invoke &quot;simpledb.storage.TupleDesc.equals(Object)&quot; because the return value of &quot;simpledb.storage.Tuple.getTupleDesc()&quot; is null
	at simpledb.storage.TupleIterator.&lt;init&gt;(TupleIterator.java:32)
	at simpledb.systemtest.AbortEvictionTest.insertRow(AbortEvictionTest.java:30)
	at simpledb.systemtest.TransactionTest.testAllDirtyFails(TransactionTest.java:248)
	at java.base/jdk.internal.reflect.NativeMethodAccessorImpl.invoke0(Native Method)
	at java.base/jdk.internal.reflect.NativeMethodAccessorImpl.invoke(NativeMethodAccessorImpl.java:76)
	at java.base/jdk.internal.reflect.DelegatingMethodAccessorImpl.invoke(DelegatingMethodAccessorImpl.java:51)
</error>

      </testcase>

      <testcase classname="simpledb.systemtest.TransactionTest" name="testSingleThread" time="0.008">
          <error message="implement this" type="java.lang.UnsupportedOperationException">java.lang.UnsupportedOperationException: implement this
	at simpledb.storage.HeapFile.getId(HeapFile.java:57)
	at simpledb.systemtest.TransactionTest.validateTransactions(TransactionTest.java:45)
	at simpledb.systemtest.TransactionTest.testSingleThread(TransactionTest.java:219)
	at java.base/jdk.internal.reflect.NativeMethodAccessorImpl.invoke0(Native Method)
	at java.base/jdk.internal.reflect.NativeMethodAccessorImpl.invoke(NativeMethodAccessorImpl.java:76)
	at java.base/jdk.internal.reflect.DelegatingMethodAccessorImpl.invoke(DelegatingMethodAccessorImpl.java:51)
</error>

      </testcase>

      <testcase classname="simpledb.systemtest.TransactionTest" name="testTenThreads" time="0.005">
          <error message="implement this" type="java.lang.UnsupportedOperationException">java.lang.UnsupportedOperationException: implement this
	at simpledb.storage.HeapFile.getId(HeapFile.java:57)
	at simpledb.systemtest.TransactionTest.validateTransactions(TransactionTest.java:45)
	at simpledb.systemtest.TransactionTest.testTenThreads(TransactionTest.java:234)
	at java.base/jdk.internal.reflect.NativeMethodAccessorImpl.invoke0(Native Method)
	at java.base/jdk.internal.reflect.NativeMethodAccessorImpl.invoke(NativeMethodAccessorImpl.java:76)
	at java.base/jdk.internal.reflect.DelegatingMethodAccessorImpl.invoke(DelegatingMethodAccessorImpl.java:51)
</error>

      </testcase>

      <testcase classname="simpledb.systemtest.TransactionTest" name="testFiveThreads" time="0.004">
          <error message="implement this" type="java.lang.UnsupportedOperationException">java.lang.UnsupportedOperationException: implement this
	at simpledb.storage.HeapFile.getId(HeapFile.java:57)
	at simpledb.systemtest.TransactionTest.validateTransactions(TransactionTest.java:45)
	at simpledb.systemtest.TransactionTest.testFiveThreads(TransactionTest.java:229)
	at java.base/jdk.internal.reflect.NativeMethodAccessorImpl.invoke0(Native Method)
	at java.base/jdk.internal.reflect.NativeMethodAccessorImpl.invoke(NativeMethodAccessorImpl.java:76)
	at java.base/jdk.internal.reflect.DelegatingMethodAccessorImpl.invoke(DelegatingMethodAccessorImpl.java:51)
</error>

      </testcase>

      <system-out><![CDATA[]]></system-out>

      <system-err><![CDATA[]]></system-err>

  </testsuite>
</testsuites>
