<?xml version="1.0" encoding="UTF-8" ?>
<testsuite errors="3" failures="0" hostname="DESKTOP-RO89UOI" name="simpledb.BTreeFileInsertTest" skipped="0" tests="3" time="0.13" timestamp="2022-06-22T07:37:31">
  <properties>
[...]
</properties>
  <testcase classname="simpledb.BTreeFileInsertTest" name="testReusePage" time="0.049">
    <error message="Cannot invoke &quot;simpledb.index.BTreeRootPtrPage.getHeaderId()&quot; because &quot;rootPtr&quot; is null" type="java.lang.NullPointerException">java.lang.NullPointerException: Cannot invoke &quot;simpledb.index.BTreeRootPtrPage.getHeaderId()&quot; because &quot;rootPtr&quot; is null
	at simpledb.index.BTreeFile.setEmptyPage(BTreeFile.java:983)
	at simpledb.BTreeFileInsertTest.testReusePage(BTreeFileInsertTest.java:150)
	at java.base/jdk.internal.reflect.NativeMethodAccessorImpl.invoke0(Native Method)
	at java.base/jdk.internal.reflect.NativeMethodAccessorImpl.invoke(NativeMethodAccessorImpl.java:76)
	at java.base/jdk.internal.reflect.DelegatingMethodAccessorImpl.invoke(DelegatingMethodAccessorImpl.java:51)
</error>
  </testcase>
  <testcase classname="simpledb.BTreeFileInsertTest" name="testSplitInternalPages" time="0.008">
    <error message="Cannot invoke &quot;simpledb.storage.TupleDesc.getFieldType(int)&quot; because &quot;this.td&quot; is null" type="java.lang.NullPointerException">java.lang.NullPointerException: Cannot invoke &quot;simpledb.storage.TupleDesc.getFieldType(int)&quot; because &quot;this.td&quot; is null
	at simpledb.index.BTreeInternalPage.getMaxEntries(BTreeInternalPage.java:123)
	at simpledb.index.BTreeInternalPage.&lt;init&gt;(BTreeInternalPage.java:75)
	at simpledb.index.BTreeUtility.createRandomInternalPage(BTreeUtility.java:363)
	at simpledb.index.BTreeUtility.createRandomInternalPage(BTreeUtility.java:345)
	at simpledb.BTreeFileInsertTest.testSplitInternalPages(BTreeFileInsertTest.java:101)
	at java.base/jdk.internal.reflect.NativeMethodAccessorImpl.invoke0(Native Method)
	at java.base/jdk.internal.reflect.NativeMethodAccessorImpl.invoke(NativeMethodAccessorImpl.java:76)
	at java.base/jdk.internal.reflect.DelegatingMethodAccessorImpl.invoke(DelegatingMethodAccessorImpl.java:51)
</error>
  </testcase>
  <testcase classname="simpledb.BTreeFileInsertTest" name="testSplitLeafPages" time="0.004">
    <error message="Cannot invoke &quot;simpledb.storage.Field.compare(simpledb.execution.Predicate$Op, simpledb.storage.Field)&quot; because the return value of &quot;simpledb.storage.Tuple.getField(int)&quot; is null" type="java.lang.NullPointerException">java.lang.NullPointerException: Cannot invoke &quot;simpledb.storage.Field.compare(simpledb.execution.Predicate$Op, simpledb.storage.Field)&quot; because the return value of &quot;simpledb.storage.Tuple.getField(int)&quot; is null
	at simpledb.index.BTreeFileEncoder$TupleComparator.compare(BTreeFileEncoder.java:134)
	at simpledb.index.BTreeFileEncoder$TupleComparator.compare(BTreeFileEncoder.java:115)
	at java.base/java.util.TimSort.countRunAndMakeAscending(TimSort.java:355)
	at java.base/java.util.TimSort.sort(TimSort.java:234)
	at java.base/java.util.Arrays.sort(Arrays.java:1307)
	at java.base/java.util.ArrayList.sort(ArrayList.java:1721)
	at simpledb.index.BTreeFileEncoder.convertToLeafPage(BTreeFileEncoder.java:554)
	at simpledb.index.BTreeUtility.createRandomLeafPage(BTreeUtility.java:316)
	at simpledb.index.BTreeUtility.createRandomLeafPage(BTreeUtility.java:299)
	at simpledb.BTreeFileInsertTest.testSplitLeafPages(BTreeFileInsertTest.java:51)
	at java.base/jdk.internal.reflect.NativeMethodAccessorImpl.invoke0(Native Method)
	at java.base/jdk.internal.reflect.NativeMethodAccessorImpl.invoke(NativeMethodAccessorImpl.java:76)
	at java.base/jdk.internal.reflect.DelegatingMethodAccessorImpl.invoke(DelegatingMethodAccessorImpl.java:51)
</error>
  </testcase>
  <system-out><![CDATA[]]></system-out>
  <system-err><![CDATA[]]></system-err>
</testsuite>
